[0907/141910.012:ERROR:process_info.cc(359)] UncheckedAllocate
[0907/141910.012:ERROR:process_info.cc(359)] UncheckedAllocate
[0907/145846.275:ERROR:process_info.cc(359)] UncheckedAllocate
[0907/145846.276:ERROR:process_info.cc(359)] UncheckedAllocate
[0916/172428.926:ERROR:process_info.cc(359)] UncheckedAllocate
[0916/172428.926:ERROR:process_info.cc(359)] UncheckedAllocate
[0916/172429.043:ERROR:crash_report_database_win.cc(469)] failed to stat report
[0916/174006.984:ERROR:process_info.cc(359)] UncheckedAllocate
[0916/182024.667:ERROR:process_info.cc(359)] UncheckedAllocate
[0916/182025.648:ERROR:process_info.cc(359)] UncheckedAllocate
[0916/182054.272:ERROR:process_memory_win.cc(73)] ReadMemory at 0x7ff70d520000 of 64 bytes failed: Запрос ReadProcessMemory или WriteProcessMemory был выполнен только частично. (0x12B)
[0916/182054.309:WARNING:pe_image_reader.cc(340)] could not read dos header from C:\Program Files (x86)\Google\Chrome\Application\chrome.exe
[0916/182054.310:ERROR:process_memory_win.cc(73)] ReadMemory at 0x7ff824b00000 of 64 bytes failed: Запрос ReadProcessMemory или WriteProcessMemory был выполнен только частично. (0x12B)
[0916/182054.310:WARNING:pe_image_reader.cc(340)] could not read dos header from C:\Windows\SYSTEM32\ntdll.dll
[0916/182054.310:ERROR:process_memory_win.cc(73)] ReadMemory at 0x7ff8249b0000 of 64 bytes failed: Запрос ReadProcessMemory или WriteProcessMemory был выполнен только частично. (0x12B)
[0916/182054.310:WARNING:pe_image_reader.cc(340)] could not read dos header from C:\Windows\System32\KERNEL32.dll
[0916/182054.310:ERROR:process_memory_win.cc(73)] ReadMemory at 0x7ff820c90000 of 64 bytes failed: Запрос ReadProcessMemory или WriteProcessMemory был выполнен только частично. (0x12B)
[0916/182054.310:WARNING:pe_image_reader.cc(340)] could not read dos header from C:\Windows\System32\KERNELBASE.dll
[0916/182054.310:ERROR:process_memory_win.cc(73)] ReadMemory at 0x7ffff2330000 of 64 bytes failed: Запрос ReadProcessMemory или WriteProcessMemory был выполнен только частично. (0x12B)
[0916/182054.311:WARNING:pe_image_reader.cc(340)] could not read dos header from C:\Program Files (x86)\Google\Chrome\Application\76.0.3809.132\chrome_elf.dll
[0916/182054.311:ERROR:process_memory_win.cc(73)] ReadMemory at 0x7ff8209b0000 of 64 bytes failed: Запрос ReadProcessMemory или WriteProcessMemory был выполнен только частично. (0x12B)
[0916/182054.311:WARNING:pe_image_reader.cc(340)] could not read dos header from C:\Windows\SYSTEM32\VERSION.dll
[0916/182054.311:ERROR:process_memory_win.cc(73)] ReadMemory at 0x7ff824890000 of 64 bytes failed: Запрос ReadProcessMemory или WriteProcessMemory был выполнен только частично. (0x12B)
[0916/182054.311:WARNING:pe_image_reader.cc(340)] could not read dos header from C:\Windows\System32\msvcrt.dll
[0916/182054.311:ERROR:process_memory_win.cc(73)] ReadMemory at 0x7ff820c10000 of 64 bytes failed: Запрос ReadProcessMemory или WriteProcessMemory был выполнен только частично. (0x12B)
[0916/182054.311:WARNING:pe_image_reader.cc(340)] could not read dos header from C:\Windows\System32\bcryptPrimitives.dll
[0916/182054.311:ERROR:process_memory_win.cc(73)] ReadMemory at 0x7ff822b80000 of 64 bytes failed: Запрос ReadProcessMemory или WriteProcessMemory был выполнен только частично. (0x12B)
[0916/182054.311:WARNING:pe_image_reader.cc(340)] could not read dos header from C:\Windows\System32\ADVAPI32.dll
[0916/182054.311:ERROR:process_memory_win.cc(73)] ReadMemory at 0x7ff822ac0000 of 64 bytes failed: Запрос ReadProcessMemory или WriteProcessMemory был выполнен только частично. (0x12B)
[0916/182054.311:WARNING:pe_image_reader.cc(340)] could not read dos header from C:\Windows\System32\sechost.dll
[0916/182054.311:ERROR:process_memory_win.cc(73)] ReadMemory at 0x7ff821d20000 of 64 bytes failed: Запрос ReadProcessMemory или WriteProcessMemory был выполнен только частично. (0x12B)
[0916/182054.311:WARNING:pe_image_reader.cc(340)] could not read dos header from C:\Windows\System32\RPCRT4.dll
[0916/182054.311:ERROR:process_memory_win.cc(73)] ReadMemory at 0x7fffd4be0000 of 64 bytes failed: Запрос ReadProcessMemory или WriteProcessMemory был выполнен только частично. (0x12B)
[0916/182054.312:WARNING:pe_image_reader.cc(340)] could not read dos header from C:\Program Files (x86)\Google\Chrome\Application\76.0.3809.132\chrome_child.dll
[0916/182054.312:ERROR:process_memory_win.cc(73)] ReadMemory at 0x7ff822390000 of 64 bytes failed: Запрос ReadProcessMemory или WriteProcessMemory был выполнен только частично. (0x12B)
[0916/182054.312:WARNING:pe_image_reader.cc(340)] could not read dos header from C:\Windows\System32\OLEAUT32.dll
[0916/182054.312:ERROR:process_memory_win.cc(73)] ReadMemory at 0x7ff820f30000 of 64 bytes failed: Запрос ReadProcessMemory или WriteProcessMemory был выполнен только частично. (0x12B)
[0916/182054.312:WARNING:pe_image_reader.cc(340)] could not read dos header from C:\Windows\System32\msvcp_win.dll
[0916/182054.312:ERROR:process_memory_win.cc(73)] ReadMemory at 0x7ff8211f0000 of 64 bytes failed: Запрос ReadProcessMemory или WriteProcessMemory был выполнен только частично. (0x12B)
[0916/182054.312:WARNING:pe_image_reader.cc(340)] could not read dos header from C:\Windows\System32\ucrtbase.dll
[0916/182054.312:ERROR:process_memory_win.cc(73)] ReadMemory at 0x7ff822670000 of 64 bytes failed: Запрос ReadProcessMemory или WriteProcessMemory был выполнен только частично. (0x12B)
[0916/182054.312:WARNING:pe_image_reader.cc(340)] could not read dos header from C:\Windows\System32\combase.dll
[0916/182054.312:ERROR:process_memory_win.cc(73)] ReadMemory at 0x7ff822d20000 of 64 bytes failed: Запрос ReadProcessMemory или WriteProcessMemory был выполнен только частично. (0x12B)
[0916/182054.312:WARNING:pe_image_reader.cc(340)] could not read dos header from C:\Windows\System32\WS2_32.dll
[0916/182054.312:ERROR:process_memory_win.cc(73)] ReadMemory at 0x7ff822c90000 of 64 bytes failed: Запрос ReadProcessMemory или WriteProcessMemory был выполнен только частично. (0x12B)
[0916/182054.312:WARNING:pe_image_reader.cc(340)] could not read dos header from C:\Windows\System32\GDI32.dll
[0916/182054.313:ERROR:process_memory_win.cc(73)] ReadMemory at 0x7ff821030000 of 64 bytes failed: Запрос ReadProcessMemory или WriteProcessMemory был выполнен только частично. (0x12B)
[0916/182054.313:WARNING:pe_image_reader.cc(340)] could not read dos header from C:\Windows\System32\gdi32full.dll
[0916/182054.313:ERROR:process_memory_win.cc(73)] ReadMemory at 0x7ff823030000 of 64 bytes failed: Запрос ReadProcessMemory или WriteProcessMemory был выполнен только частично. (0x12B)
[0916/182054.313:WARNING:pe_image_reader.cc(340)] could not read dos header from C:\Windows\System32\USER32.dll
[0916/182054.313:ERROR:process_memory_win.cc(73)] ReadMemory at 0x7ff821d00000 of 64 bytes failed: Запрос ReadProcessMemory или WriteProcessMemory был выполнен только частично. (0x12B)
[0916/182054.313:WARNING:pe_image_reader.cc(340)] could not read dos header from C:\Windows\System32\win32u.dll
[0916/182054.313:ERROR:process_memory_win.cc(73)] ReadMemory at 0x7ff820fd0000 of 64 bytes failed: Запрос ReadProcessMemory или WriteProcessMemory был выполнен только частично. (0x12B)
[0916/182054.313:WARNING:pe_image_reader.cc(340)] could not read dos header from C:\Windows\System32\WINTRUST.dll
[0916/182054.313:ERROR:process_memory_win.cc(73)] ReadMemory at 0x7ff820af0000 of 64 bytes failed: Запрос ReadProcessMemory или WriteProcessMemory был выполнен только частично. (0x12B)
[0916/182054.313:WARNING:pe_image_reader.cc(340)] could not read dos header from C:\Windows\System32\MSASN1.dll
[0916/182054.313:ERROR:process_memory_win.cc(73)] ReadMemory at 0x7ff821af0000 of 64 bytes failed: Запрос ReadProcessMemory или WriteProcessMemory был выполнен только частично. (0x12B)
[0916/182054.313:WARNING:pe_image_reader.cc(340)] could not read dos header from C:\Windows\System32\CRYPT32.dll
[0916/182054.313:ERROR:process_memory_win.cc(73)] ReadMemory at 0x7ff81ffe0000 of 64 bytes failed: Запрос ReadProcessMemory или WriteProcessMemory был выполнен только частично. (0x12B)
[0916/182054.313:WARNING:pe_image_reader.cc(340)] could not read dos header from C:\Windows\SYSTEM32\IPHLPAPI.DLL
[0916/182054.314:ERROR:process_memory_win.cc(73)] ReadMemory at 0x7ff81e830000 of 64 bytes failed: Запрос ReadProcessMemory или WriteProcessMemory был выполнен только частично. (0x12B)
[0916/182054.314:WARNING:pe_image_reader.cc(340)] could not read dos header from C:\Windows\SYSTEM32\WINMM.dll
[0916/182054.314:ERROR:process_memory_win.cc(73)] ReadMemory at 0x7ff820a20000 of 64 bytes failed: Запрос ReadProcessMemory или WriteProcessMemory был выполнен только частично. (0x12B)
[0916/182054.314:WARNING:pe_image_reader.cc(340)] could not read dos header from C:\Windows\SYSTEM32\USERENV.dll
[0916/182054.314:ERROR:process_memory_win.cc(73)] ReadMemory at 0x7ff820b30000 of 64 bytes failed: Запрос ReadProcessMemory или WriteProcessMemory был выполнен только частично. (0x12B)
[0916/182054.314:WARNING:pe_image_reader.cc(340)] could not read dos header from C:\Windows\System32\profapi.dll
[0916/182054.314:ERROR:process_memory_win.cc(73)] ReadMemory at 0x7ff812210000 of 64 bytes failed: Запрос ReadProcessMemory или WriteProcessMemory был выполнен только частично. (0x12B)
[0916/182054.314:WARNING:pe_image_reader.cc(340)] could not read dos header from C:\Windows\SYSTEM32\DWrite.dll
[0916/182054.314:ERROR:process_memory_win.cc(73)] ReadMemory at 0x7ff81a500000 of 64 bytes failed: Запрос ReadProcessMemory или WriteProcessMemory был выполнен только частично. (0x12B)
[0916/182054.314:WARNING:pe_image_reader.cc(340)] could not read dos header from C:\Windows\SYSTEM32\WINSPOOL.DRV
[0916/182054.314:ERROR:process_memory_win.cc(73)] ReadMemory at 0x7ff820b10000 of 64 bytes failed: Запрос ReadProcessMemory или WriteProcessMemory был выполнен только частично. (0x12B)
[0916/182054.314:WARNING:pe_image_reader.cc(340)] could not read dos header from C:\Windows\System32\kernel.appcore.dll
[0916/182054.314:ERROR:process_memory_win.cc(73)] ReadMemory at 0x7ff821cd0000 of 64 bytes failed: Запрос ReadProcessMemory или WriteProcessMemory был выполнен только частично. (0x12B)
[0916/182054.314:WARNING:pe_image_reader.cc(340)] could not read dos header from C:\Windows\System32\bcrypt.dll
[0916/182054.314:ERROR:process_memory_win.cc(73)] ReadMemory at 0x7ff817d90000 of 64 bytes failed: Запрос ReadProcessMemory или WriteProcessMemory был выполнен только частично. (0x12B)
[0916/182054.315:WARNING:pe_image_reader.cc(340)] could not read dos header from C:\Windows\SYSTEM32\dbghelp.dll
[0916/182054.315:ERROR:process_memory_win.cc(73)] ReadMemory at 0x7ff81c450000 of 64 bytes failed: Запрос ReadProcessMemory или WriteProcessMemory был выполнен только частично. (0x12B)
[0916/182054.315:WARNING:pe_image_reader.cc(340)] could not read dos header from C:\Windows\SYSTEM32\WINHTTP.dll
[0916/182054.315:ERROR:process_memory_win.cc(73)] ReadMemory at 0x7ff807ee0000 of 64 bytes failed: Запрос ReadProcessMemory или WriteProcessMemory был выполнен только частично. (0x12B)
[0916/182054.315:WARNING:pe_image_reader.cc(340)] could not read dos header from C:\Windows\SYSTEM32\Secur32.dll
[0916/182054.315:ERROR:process_memory_win.cc(73)] ReadMemory at 0x7ff817920000 of 64 bytes failed: Запрос ReadProcessMemory или WriteProcessMemory был выполнен только частично. (0x12B)
[0916/182054.315:WARNING:pe_image_reader.cc(340)] could not read dos header from C:\Windows\SYSTEM32\dhcpcsvc.DLL
[0916/182054.315:ERROR:process_memory_win.cc(73)] ReadMemory at 0x7ff822ab0000 of 64 bytes failed: Запрос ReadProcessMemory или WriteProcessMemory был выполнен только частично. (0x12B)
[0916/182054.315:WARNING:pe_image_reader.cc(340)] could not read dos header from C:\Windows\System32\NSI.dll
[0916/182054.315:ERROR:process_memory_win.cc(73)] ReadMemory at 0x7ff81e800000 of 64 bytes failed: Запрос ReadProcessMemory или WriteProcessMemory был выполнен только частично. (0x12B)
[0916/182054.315:WARNING:pe_image_reader.cc(340)] could not read dos header from C:\Windows\SYSTEM32\WINMMBASE.dll
[0916/182054.315:ERROR:process_memory_win.cc(73)] ReadMemory at 0x7ff820bc0000 of 64 bytes failed: Запрос ReadProcessMemory или WriteProcessMemory был выполнен только частично. (0x12B)
[0916/182054.315:WARNING:pe_image_reader.cc(340)] could not read dos header from C:\Windows\System32\cfgmgr32.dll
[0916/182054.315:ERROR:process_memory_win.cc(73)] ReadMemory at 0x7ff81f810000 of 64 bytes failed: Запрос ReadProcessMemory или WriteProcessMemory был выполнен только частично. (0x12B)
[0916/182054.315:WARNING:pe_image_reader.cc(340)] could not read dos header from C:\Windows\SYSTEM32\PROPSYS.dll
[0916/182054.315:ERROR:process_memory_win.cc(73)] ReadMemory at 0x7ff822460000 of 64 bytes failed: Запрос ReadProcessMemory или WriteProcessMemory был выполнен только частично. (0x12B)
[0916/182054.315:WARNING:pe_image_reader.cc(340)] could not read dos header from C:\Windows\System32\shcore.dll
[0916/182054.315:ERROR:process_memory_win.cc(73)] ReadMemory at 0x7ff8209f0000 of 64 bytes failed: Запрос ReadProcessMemory или WriteProcessMemory был выполнен только частично. (0x12B)
[0916/182054.315:WARNING:pe_image_reader.cc(340)] could not read dos header from C:\Windows\SYSTEM32\SSPICLI.DLL
[0916/182054.315:ERROR:process_memory_win.cc(73)] ReadMemory at 0x7ff822a80000 of 64 bytes failed: Запрос ReadProcessMemory или WriteProcessMemory был выполнен только частично. (0x12B)
[0916/182054.315:WARNING:pe_image_reader.cc(340)] could not read dos header from C:\Windows\System32\IMM32.DLL
[0916/182054.316:ERROR:process_memory_win.cc(73)] ReadMemory at 0x7ff822510000 of 64 bytes failed: Запрос ReadProcessMemory или WriteProcessMemory был выполнен только частично. (0x12B)
[0916/182054.316:WARNING:pe_image_reader.cc(340)] could not read dos header from C:\Windows\System32\ole32.dll
[0916/182054.316:ERROR:process_memory_win.cc(73)] ReadMemory at 0x7ff820490000 of 64 bytes failed: Запрос ReadProcessMemory или WriteProcessMemory был выполнен только частично. (0x12B)
[0916/182054.316:WARNING:pe_image_reader.cc(340)] could not read dos header from C:\Windows\SYSTEM32\CRYPTBASE.DLL
[0916/182054.316:ERROR:process_memory_win.cc(73)] ReadMemory at 0x7ff70d520000 of 64 bytes failed: Запрос ReadProcessMemory или WriteProcessMemory был выполнен только частично. (0x12B)
[0916/182054.316:WARNING:pe_image_reader.cc(340)] could not read dos header from C:\Program Files (x86)\Google\Chrome\Application\chrome.exe
[0916/182054.316:ERROR:process_memory_win.cc(73)] ReadMemory at 0x7ff70d520000 of 64 bytes failed: Запрос ReadProcessMemory или WriteProcessMemory был выполнен только частично. (0x12B)
[0916/182054.316:WARNING:pe_image_reader.cc(340)] could not read dos header from C:\Program Files (x86)\Google\Chrome\Application\chrome.exe
[0916/182054.316:ERROR:process_memory_win.cc(73)] ReadMemory at 0x7ff824b00000 of 64 bytes failed: Запрос ReadProcessMemory или WriteProcessMemory был выполнен только частично. (0x12B)
[0916/182054.316:WARNING:pe_image_reader.cc(340)] could not read dos header from C:\Windows\SYSTEM32\ntdll.dll
[0916/182054.316:ERROR:process_memory_win.cc(73)] ReadMemory at 0x7ff824b00000 of 64 bytes failed: Запрос ReadProcessMemory или WriteProcessMemory был выполнен только частично. (0x12B)
[0916/182054.316:WARNING:pe_image_reader.cc(340)] could not read dos header from C:\Windows\SYSTEM32\ntdll.dll
[0916/182054.316:ERROR:process_memory_win.cc(73)] ReadMemory at 0x7ff8249b0000 of 64 bytes failed: Запрос ReadProcessMemory или WriteProcessMemory был выполнен только частично. (0x12B)
[0916/182054.316:WARNING:pe_image_reader.cc(340)] could not read dos header from C:\Windows\System32\KERNEL32.dll
[0916/182054.316:ERROR:process_memory_win.cc(73)] ReadMemory at 0x7ff8249b0000 of 64 bytes failed: Запрос ReadProcessMemory или WriteProcessMemory был выполнен только частично. (0x12B)
[0916/182054.316:WARNING:pe_image_reader.cc(340)] could not read dos header from C:\Windows\System32\KERNEL32.dll
[0916/182054.316:ERROR:process_memory_win.cc(73)] ReadMemory at 0x7ff820c90000 of 64 bytes failed: Запрос ReadProcessMemory или WriteProcessMemory был выполнен только частично. (0x12B)
[0916/182054.316:WARNING:pe_image_reader.cc(340)] could not read dos header from C:\Windows\System32\KERNELBASE.dll
[0916/182054.316:ERROR:process_memory_win.cc(73)] ReadMemory at 0x7ff820c90000 of 64 bytes failed: Запрос ReadProcessMemory или WriteProcessMemory был выполнен только частично. (0x12B)
[0916/182054.316:WARNING:pe_image_reader.cc(340)] could not read dos header from C:\Windows\System32\KERNELBASE.dll
[0916/182054.316:ERROR:process_memory_win.cc(73)] ReadMemory at 0x7ffff2330000 of 64 bytes failed: Запрос ReadProcessMemory или WriteProcessMemory был выполнен только частично. (0x12B)
[0916/182054.316:WARNING:pe_image_reader.cc(340)] could not read dos header from C:\Program Files (x86)\Google\Chrome\Application\76.0.3809.132\chrome_elf.dll
[0916/182054.317:ERROR:process_memory_win.cc(73)] ReadMemory at 0x7ffff2330000 of 64 bytes failed: Запрос ReadProcessMemory или WriteProcessMemory был выполнен только частично. (0x12B)
[0916/182054.317:WARNING:pe_image_reader.cc(340)] could not read dos header from C:\Program Files (x86)\Google\Chrome\Application\76.0.3809.132\chrome_elf.dll
[0916/182054.317:ERROR:process_memory_win.cc(73)] ReadMemory at 0x7ff8209b0000 of 64 bytes failed: Запрос ReadProcessMemory или WriteProcessMemory был выполнен только частично. (0x12B)
[0916/182054.317:WARNING:pe_image_reader.cc(340)] could not read dos header from C:\Windows\SYSTEM32\VERSION.dll
[0916/182054.317:ERROR:process_memory_win.cc(73)] ReadMemory at 0x7ff8209b0000 of 64 bytes failed: Запрос ReadProcessMemory или WriteProcessMemory был выполнен только частично. (0x12B)
[0916/182054.317:WARNING:pe_image_reader.cc(340)] could not read dos header from C:\Windows\SYSTEM32\VERSION.dll
[0916/182054.317:ERROR:process_memory_win.cc(73)] ReadMemory at 0x7ff824890000 of 64 bytes failed: Запрос ReadProcessMemory или WriteProcessMemory был выполнен только частично. (0x12B)
[0916/182054.317:WARNING:pe_image_reader.cc(340)] could not read dos header from C:\Windows\System32\msvcrt.dll
[0916/182054.317:ERROR:process_memory_win.cc(73)] ReadMemory at 0x7ff824890000 of 64 bytes failed: Запрос ReadProcessMemory или WriteProcessMemory был выполнен только частично. (0x12B)
[0916/182054.317:WARNING:pe_image_reader.cc(340)] could not read dos header from C:\Windows\System32\msvcrt.dll
[0916/182054.317:ERROR:process_memory_win.cc(73)] ReadMemory at 0x7ff820c10000 of 64 bytes failed: Запрос ReadProcessMemory или WriteProcessMemory был выполнен только частично. (0x12B)
[0916/182054.317:WARNING:pe_image_reader.cc(340)] could not read dos header from C:\Windows\System32\bcryptPrimitives.dll
[0916/182054.317:ERROR:process_memory_win.cc(73)] ReadMemory at 0x7ff820c10000 of 64 bytes failed: Запрос ReadProcessMemory или WriteProcessMemory был выполнен только частично. (0x12B)
[0916/182054.317:WARNING:pe_image_reader.cc(340)] could not read dos header from C:\Windows\System32\bcryptPrimitives.dll
[0916/182054.317:ERROR:process_memory_win.cc(73)] ReadMemory at 0x7ff822b80000 of 64 bytes failed: Запрос ReadProcessMemory или WriteProcessMemory был выполнен только частично. (0x12B)
[0916/182054.317:WARNING:pe_image_reader.cc(340)] could not read dos header from C:\Windows\System32\ADVAPI32.dll
[0916/182054.317:ERROR:process_memory_win.cc(73)] ReadMemory at 0x7ff822b80000 of 64 bytes failed: Запрос ReadProcessMemory или WriteProcessMemory был выполнен только частично. (0x12B)
[0916/182054.317:WARNING:pe_image_reader.cc(340)] could not read dos header from C:\Windows\System32\ADVAPI32.dll
[0916/182054.317:ERROR:process_memory_win.cc(73)] ReadMemory at 0x7ff822ac0000 of 64 bytes failed: Запрос ReadProcessMemory или WriteProcessMemory был выполнен только частично. (0x12B)
[0916/182054.317:WARNING:pe_image_reader.cc(340)] could not read dos header from C:\Windows\System32\sechost.dll
[0916/182054.317:ERROR:process_memory_win.cc(73)] ReadMemory at 0x7ff822ac0000 of 64 bytes failed: Запрос ReadProcessMemory или WriteProcessMemory был выполнен только частично. (0x12B)
[0916/182054.317:WARNING:pe_image_reader.cc(340)] could not read dos header from C:\Windows\System32\sechost.dll
[0916/182054.317:ERROR:process_memory_win.cc(73)] ReadMemory at 0x7ff821d20000 of 64 bytes failed: Запрос ReadProcessMemory или WriteProcessMemory был выполнен только частично. (0x12B)
[0916/182054.318:WARNING:pe_image_reader.cc(340)] could not read dos header from C:\Windows\System32\RPCRT4.dll
[0916/182054.318:ERROR:process_memory_win.cc(73)] ReadMemory at 0x7ff821d20000 of 64 bytes failed: Запрос ReadProcessMemory или WriteProcessMemory был выполнен только частично. (0x12B)
[0916/182054.318:WARNING:pe_image_reader.cc(340)] could not read dos header from C:\Windows\System32\RPCRT4.dll
[0916/182054.318:ERROR:process_memory_win.cc(73)] ReadMemory at 0x7fffd4be0000 of 64 bytes failed: Запрос ReadProcessMemory или WriteProcessMemory был выполнен только частично. (0x12B)
[0916/182054.318:WARNING:pe_image_reader.cc(340)] could not read dos header from C:\Program Files (x86)\Google\Chrome\Application\76.0.3809.132\chrome_child.dll
[0916/182054.318:ERROR:process_memory_win.cc(73)] ReadMemory at 0x7fffd4be0000 of 64 bytes failed: Запрос ReadProcessMemory или WriteProcessMemory был выполнен только частично. (0x12B)
[0916/182054.318:WARNING:pe_image_reader.cc(340)] could not read dos header from C:\Program Files (x86)\Google\Chrome\Application\76.0.3809.132\chrome_child.dll
[0916/182054.318:ERROR:process_memory_win.cc(73)] ReadMemory at 0x7ff822390000 of 64 bytes failed: Запрос ReadProcessMemory или WriteProcessMemory был выполнен только частично. (0x12B)
[0916/182054.318:WARNING:pe_image_reader.cc(340)] could not read dos header from C:\Windows\System32\OLEAUT32.dll
[0916/182054.318:ERROR:process_memory_win.cc(73)] ReadMemory at 0x7ff822390000 of 64 bytes failed: Запрос ReadProcessMemory или WriteProcessMemory был выполнен только частично. (0x12B)
[0916/182054.318:WARNING:pe_image_reader.cc(340)] could not read dos header from C:\Windows\System32\OLEAUT32.dll
[0916/182054.318:ERROR:process_memory_win.cc(73)] ReadMemory at 0x7ff820f30000 of 64 bytes failed: Запрос ReadProcessMemory или WriteProcessMemory был выполнен только частично. (0x12B)
[0916/182054.318:WARNING:pe_image_reader.cc(340)] could not read dos header from C:\Windows\System32\msvcp_win.dll
[0916/182054.318:ERROR:process_memory_win.cc(73)] ReadMemory at 0x7ff820f30000 of 64 bytes failed: Запрос ReadProcessMemory или WriteProcessMemory был выполнен только частично. (0x12B)
[0916/182054.318:WARNING:pe_image_reader.cc(340)] could not read dos header from C:\Windows\System32\msvcp_win.dll
[0916/182054.318:ERROR:process_memory_win.cc(73)] ReadMemory at 0x7ff8211f0000 of 64 bytes failed: Запрос ReadProcessMemory или WriteProcessMemory был выполнен только частично. (0x12B)
[0916/182054.318:WARNING:pe_image_reader.cc(340)] could not read dos header from C:\Windows\System32\ucrtbase.dll
[0916/182054.318:ERROR:process_memory_win.cc(73)] ReadMemory at 0x7ff8211f0000 of 64 bytes failed: Запрос ReadProcessMemory или WriteProcessMemory был выполнен только частично. (0x12B)
[0916/182054.318:WARNING:pe_image_reader.cc(340)] could not read dos header from C:\Windows\System32\ucrtbase.dll
[0916/182054.318:ERROR:process_memory_win.cc(73)] ReadMemory at 0x7ff822670000 of 64 bytes failed: Запрос ReadProcessMemory или WriteProcessMemory был выполнен только частично. (0x12B)
[0916/182054.318:WARNING:pe_image_reader.cc(340)] could not read dos header from C:\Windows\System32\combase.dll
[0916/182054.318:ERROR:process_memory_win.cc(73)] ReadMemory at 0x7ff822670000 of 64 bytes failed: Запрос ReadProcessMemory или WriteProcessMemory был выполнен только частично. (0x12B)
[0916/182054.318:WARNING:pe_image_reader.cc(340)] could not read dos header from C:\Windows\System32\combase.dll
[0916/182054.318:ERROR:process_memory_win.cc(73)] ReadMemory at 0x7ff822d20000 of 64 bytes failed: Запрос ReadProcessMemory или WriteProcessMemory был выполнен только частично. (0x12B)
[0916/182054.319:WARNING:pe_image_reader.cc(340)] could not read dos header from C:\Windows\System32\WS2_32.dll
[0916/182054.319:ERROR:process_memory_win.cc(73)] ReadMemory at 0x7ff822d20000 of 64 bytes failed: Запрос ReadProcessMemory или WriteProcessMemory был выполнен только частично. (0x12B)
[0916/182054.319:WARNING:pe_image_reader.cc(340)] could not read dos header from C:\Windows\System32\WS2_32.dll
[0916/182054.319:ERROR:process_memory_win.cc(73)] ReadMemory at 0x7ff822c90000 of 64 bytes failed: Запрос ReadProcessMemory или WriteProcessMemory был выполнен только частично. (0x12B)
[0916/182054.319:WARNING:pe_image_reader.cc(340)] could not read dos header from C:\Windows\System32\GDI32.dll
[0916/182054.319:ERROR:process_memory_win.cc(73)] ReadMemory at 0x7ff822c90000 of 64 bytes failed: Запрос ReadProcessMemory или WriteProcessMemory был выполнен только частично. (0x12B)
[0916/182054.319:WARNING:pe_image_reader.cc(340)] could not read dos header from C:\Windows\System32\GDI32.dll
[0916/182054.319:ERROR:process_memory_win.cc(73)] ReadMemory at 0x7ff821030000 of 64 bytes failed: Запрос ReadProcessMemory или WriteProcessMemory был выполнен только частично. (0x12B)
[0916/182054.319:WARNING:pe_image_reader.cc(340)] could not read dos header from C:\Windows\System32\gdi32full.dll
[0916/182054.319:ERROR:process_memory_win.cc(73)] ReadMemory at 0x7ff821030000 of 64 bytes failed: Запрос ReadProcessMemory или WriteProcessMemory был выполнен только частично. (0x12B)
[0916/182054.319:WARNING:pe_image_reader.cc(340)] could not read dos header from C:\Windows\System32\gdi32full.dll
[0916/182054.319:ERROR:process_memory_win.cc(73)] ReadMemory at 0x7ff823030000 of 64 bytes failed: Запрос ReadProcessMemory или WriteProcessMemory был выполнен только частично. (0x12B)
[0916/182054.319:WARNING:pe_image_reader.cc(340)] could not read dos header from C:\Windows\System32\USER32.dll
[0916/182054.319:ERROR:process_memory_win.cc(73)] ReadMemory at 0x7ff823030000 of 64 bytes failed: Запрос ReadProcessMemory или WriteProcessMemory был выполнен только частично. (0x12B)
[0916/182054.319:WARNING:pe_image_reader.cc(340)] could not read dos header from C:\Windows\System32\USER32.dll
[0916/182054.319:ERROR:process_memory_win.cc(73)] ReadMemory at 0x7ff821d00000 of 64 bytes failed: Запрос ReadProcessMemory или WriteProcessMemory был выполнен только частично. (0x12B)
[0916/182054.319:WARNING:pe_image_reader.cc(340)] could not read dos header from C:\Windows\System32\win32u.dll
[0916/182054.319:ERROR:process_memory_win.cc(73)] ReadMemory at 0x7ff821d00000 of 64 bytes failed: Запрос ReadProcessMemory или WriteProcessMemory был выполнен только частично. (0x12B)
[0916/182054.319:WARNING:pe_image_reader.cc(340)] could not read dos header from C:\Windows\System32\win32u.dll
[0916/182054.319:ERROR:process_memory_win.cc(73)] ReadMemory at 0x7ff820fd0000 of 64 bytes failed: Запрос ReadProcessMemory или WriteProcessMemory был выполнен только частично. (0x12B)
[0916/182054.319:WARNING:pe_image_reader.cc(340)] could not read dos header from C:\Windows\System32\WINTRUST.dll
[0916/182054.320:ERROR:process_memory_win.cc(73)] ReadMemory at 0x7ff820fd0000 of 64 bytes failed: Запрос ReadProcessMemory или WriteProcessMemory был выполнен только частично. (0x12B)
[0916/182054.320:WARNING:pe_image_reader.cc(340)] could not read dos header from C:\Windows\System32\WINTRUST.dll
[0916/182054.320:ERROR:process_memory_win.cc(73)] ReadMemory at 0x7ff820af0000 of 64 bytes failed: Запрос ReadProcessMemory или WriteProcessMemory был выполнен только частично. (0x12B)
[0916/182054.320:WARNING:pe_image_reader.cc(340)] could not read dos header from C:\Windows\System32\MSASN1.dll
[0916/182054.320:ERROR:process_memory_win.cc(73)] ReadMemory at 0x7ff820af0000 of 64 bytes failed: Запрос ReadProcessMemory или WriteProcessMemory был выполнен только частично. (0x12B)
[0916/182054.320:WARNING:pe_image_reader.cc(340)] could not read dos header from C:\Windows\System32\MSASN1.dll
[0916/182054.320:ERROR:process_memory_win.cc(73)] ReadMemory at 0x7ff821af0000 of 64 bytes failed: Запрос ReadProcessMemory или WriteProcessMemory был выполнен только частично. (0x12B)
[0916/182054.320:WARNING:pe_image_reader.cc(340)] could not read dos header from C:\Windows\System32\CRYPT32.dll
[0916/182054.320:ERROR:process_memory_win.cc(73)] ReadMemory at 0x7ff821af0000 of 64 bytes failed: Запрос ReadProcessMemory или WriteProcessMemory был выполнен только частично. (0x12B)
[0916/182054.320:WARNING:pe_image_reader.cc(340)] could not read dos header from C:\Windows\System32\CRYPT32.dll
[0916/182054.320:ERROR:process_memory_win.cc(73)] ReadMemory at 0x7ff81ffe0000 of 64 bytes failed: Запрос ReadProcessMemory или WriteProcessMemory был выполнен только частично. (0x12B)
[0916/182054.320:WARNING:pe_image_reader.cc(340)] could not read dos header from C:\Windows\SYSTEM32\IPHLPAPI.DLL
[0916/182054.320:ERROR:process_memory_win.cc(73)] ReadMemory at 0x7ff81ffe0000 of 64 bytes failed: Запрос ReadProcessMemory или WriteProcessMemory был выполнен только частично. (0x12B)
[0916/182054.320:WARNING:pe_image_reader.cc(340)] could not read dos header from C:\Windows\SYSTEM32\IPHLPAPI.DLL
[0916/182054.320:ERROR:process_memory_win.cc(73)] ReadMemory at 0x7ff81e830000 of 64 bytes failed: Запрос ReadProcessMemory или WriteProcessMemory был выполнен только частично. (0x12B)
[0916/182054.320:WARNING:pe_image_reader.cc(340)] could not read dos header from C:\Windows\SYSTEM32\WINMM.dll
[0916/182054.320:ERROR:process_memory_win.cc(73)] ReadMemory at 0x7ff81e830000 of 64 bytes failed: Запрос ReadProcessMemory или WriteProcessMemory был выполнен только частично. (0x12B)
[0916/182054.320:WARNING:pe_image_reader.cc(340)] could not read dos header from C:\Windows\SYSTEM32\WINMM.dll
[0916/182054.320:ERROR:process_memory_win.cc(73)] ReadMemory at 0x7ff820a20000 of 64 bytes failed: Запрос ReadProcessMemory или WriteProcessMemory был выполнен только частично. (0x12B)
[0916/182054.320:WARNING:pe_image_reader.cc(340)] could not read dos header from C:\Windows\SYSTEM32\USERENV.dll
[0916/182054.320:ERROR:process_memory_win.cc(73)] ReadMemory at 0x7ff820a20000 of 64 bytes failed: Запрос ReadProcessMemory или WriteProcessMemory был выполнен только частично. (0x12B)
[0916/182054.320:WARNING:pe_image_reader.cc(340)] could not read dos header from C:\Windows\SYSTEM32\USERENV.dll
[0916/182054.321:ERROR:process_memory_win.cc(73)] ReadMemory at 0x7ff820b30000 of 64 bytes failed: Запрос ReadProcessMemory или WriteProcessMemory был выполнен только частично. (0x12B)
[0916/182054.321:WARNING:pe_image_reader.cc(340)] could not read dos header from C:\Windows\System32\profapi.dll
[0916/182054.321:ERROR:process_memory_win.cc(73)] ReadMemory at 0x7ff820b30000 of 64 bytes failed: Запрос ReadProcessMemory или WriteProcessMemory был выполнен только частично. (0x12B)
[0916/182054.321:WARNING:pe_image_reader.cc(340)] could not read dos header from C:\Windows\System32\profapi.dll
[0916/182054.321:ERROR:process_memory_win.cc(73)] ReadMemory at 0x7ff812210000 of 64 bytes failed: Запрос ReadProcessMemory или WriteProcessMemory был выполнен только частично. (0x12B)
[0916/182054.321:WARNING:pe_image_reader.cc(340)] could not read dos header from C:\Windows\SYSTEM32\DWrite.dll
[0916/182054.321:ERROR:process_memory_win.cc(73)] ReadMemory at 0x7ff812210000 of 64 bytes failed: Запрос ReadProcessMemory или WriteProcessMemory был выполнен только частично. (0x12B)
[0916/182054.321:WARNING:pe_image_reader.cc(340)] could not read dos header from C:\Windows\SYSTEM32\DWrite.dll
[0916/182054.321:ERROR:process_memory_win.cc(73)] ReadMemory at 0x7ff81a500000 of 64 bytes failed: Запрос ReadProcessMemory или WriteProcessMemory был выполнен только частично. (0x12B)
[0916/182054.321:WARNING:pe_image_reader.cc(340)] could not read dos header from C:\Windows\SYSTEM32\WINSPOOL.DRV
[0916/182054.321:ERROR:process_memory_win.cc(73)] ReadMemory at 0x7ff81a500000 of 64 bytes failed: Запрос ReadProcessMemory или WriteProcessMemory был выполнен только частично. (0x12B)
[0916/182054.321:WARNING:pe_image_reader.cc(340)] could not read dos header from C:\Windows\SYSTEM32\WINSPOOL.DRV
[0916/182054.321:ERROR:process_memory_win.cc(73)] ReadMemory at 0x7ff820b10000 of 64 bytes failed: Запрос ReadProcessMemory или WriteProcessMemory был выполнен только частично. (0x12B)
[0916/182054.321:WARNING:pe_image_reader.cc(340)] could not read dos header from C:\Windows\System32\kernel.appcore.dll
[0916/182054.321:ERROR:process_memory_win.cc(73)] ReadMemory at 0x7ff820b10000 of 64 bytes failed: Запрос ReadProcessMemory или WriteProcessMemory был выполнен только частично. (0x12B)
[0916/182054.321:WARNING:pe_image_reader.cc(340)] could not read dos header from C:\Windows\System32\kernel.appcore.dll
[0916/182054.322:ERROR:process_memory_win.cc(73)] ReadMemory at 0x7ff821cd0000 of 64 bytes failed: Запрос ReadProcessMemory или WriteProcessMemory был выполнен только частично. (0x12B)
[0916/182054.322:WARNING:pe_image_reader.cc(340)] could not read dos header from C:\Windows\System32\bcrypt.dll
[0916/182054.322:ERROR:process_memory_win.cc(73)] ReadMemory at 0x7ff821cd0000 of 64 bytes failed: Запрос ReadProcessMemory или WriteProcessMemory был выполнен только частично. (0x12B)
[0916/182054.322:WARNING:pe_image_reader.cc(340)] could not read dos header from C:\Windows\System32\bcrypt.dll
[0916/182054.322:ERROR:process_memory_win.cc(73)] ReadMemory at 0x7ff817d90000 of 64 bytes failed: Запрос ReadProcessMemory или WriteProcessMemory был выполнен только частично. (0x12B)
[0916/182054.322:WARNING:pe_image_reader.cc(340)] could not read dos header from C:\Windows\SYSTEM32\dbghelp.dll
[0916/182054.322:ERROR:process_memory_win.cc(73)] ReadMemory at 0x7ff817d90000 of 64 bytes failed: Запрос ReadProcessMemory или WriteProcessMemory был выполнен только частично. (0x12B)
[0916/182054.322:WARNING:pe_image_reader.cc(340)] could not read dos header from C:\Windows\SYSTEM32\dbghelp.dll
[0916/182054.322:ERROR:process_memory_win.cc(73)] ReadMemory at 0x7ff81c450000 of 64 bytes failed: Запрос ReadProcessMemory или WriteProcessMemory был выполнен только частично. (0x12B)
[0916/182054.322:WARNING:pe_image_reader.cc(340)] could not read dos header from C:\Windows\SYSTEM32\WINHTTP.dll
[0916/182054.322:ERROR:process_memory_win.cc(73)] ReadMemory at 0x7ff81c450000 of 64 bytes failed: Запрос ReadProcessMemory или WriteProcessMemory был выполнен только частично. (0x12B)
[0916/182054.322:WARNING:pe_image_reader.cc(340)] could not read dos header from C:\Windows\SYSTEM32\WINHTTP.dll
[0916/182054.322:ERROR:process_memory_win.cc(73)] ReadMemory at 0x7ff807ee0000 of 64 bytes failed: Запрос ReadProcessMemory или WriteProcessMemory был выполнен только частично. (0x12B)
[0916/182054.322:WARNING:pe_image_reader.cc(340)] could not read dos header from C:\Windows\SYSTEM32\Secur32.dll
[0916/182054.322:ERROR:process_memory_win.cc(73)] ReadMemory at 0x7ff807ee0000 of 64 bytes failed: Запрос ReadProcessMemory или WriteProcessMemory был выполнен только частично. (0x12B)
[0916/182054.322:WARNING:pe_image_reader.cc(340)] could not read dos header from C:\Windows\SYSTEM32\Secur32.dll
[0916/182054.323:ERROR:process_memory_win.cc(73)] ReadMemory at 0x7ff817920000 of 64 bytes failed: Запрос ReadProcessMemory или WriteProcessMemory был выполнен только частично. (0x12B)
[0916/182054.323:WARNING:pe_image_reader.cc(340)] could not read dos header from C:\Windows\SYSTEM32\dhcpcsvc.DLL
[0916/182054.323:ERROR:process_memory_win.cc(73)] ReadMemory at 0x7ff817920000 of 64 bytes failed: Запрос ReadProcessMemory или WriteProcessMemory был выполнен только частично. (0x12B)
[0916/182054.323:WARNING:pe_image_reader.cc(340)] could not read dos header from C:\Windows\SYSTEM32\dhcpcsvc.DLL
[0916/182054.323:ERROR:process_memory_win.cc(73)] ReadMemory at 0x7ff822ab0000 of 64 bytes failed: Запрос ReadProcessMemory или WriteProcessMemory был выполнен только частично. (0x12B)
[0916/182054.323:WARNING:pe_image_reader.cc(340)] could not read dos header from C:\Windows\System32\NSI.dll
[0916/182054.323:ERROR:process_memory_win.cc(73)] ReadMemory at 0x7ff822ab0000 of 64 bytes failed: Запрос ReadProcessMemory или WriteProcessMemory был выполнен только частично. (0x12B)
[0916/182054.323:WARNING:pe_image_reader.cc(340)] could not read dos header from C:\Windows\System32\NSI.dll
[0916/182054.323:ERROR:process_memory_win.cc(73)] ReadMemory at 0x7ff81e800000 of 64 bytes failed: Запрос ReadProcessMemory или WriteProcessMemory был выполнен только частично. (0x12B)
[0916/182054.323:WARNING:pe_image_reader.cc(340)] could not read dos header from C:\Windows\SYSTEM32\WINMMBASE.dll
[0916/182054.323:ERROR:process_memory_win.cc(73)] ReadMemory at 0x7ff81e800000 of 64 bytes failed: Запрос ReadProcessMemory или WriteProcessMemory был выполнен только частично. (0x12B)
[0916/182054.324:WARNING:pe_image_reader.cc(340)] could not read dos header from C:\Windows\SYSTEM32\WINMMBASE.dll
[0916/182054.324:ERROR:process_memory_win.cc(73)] ReadMemory at 0x7ff820bc0000 of 64 bytes failed: Запрос ReadProcessMemory или WriteProcessMemory был выполнен только частично. (0x12B)
[0916/182054.324:WARNING:pe_image_reader.cc(340)] could not read dos header from C:\Windows\System32\cfgmgr32.dll
[0916/182054.324:ERROR:process_memory_win.cc(73)] ReadMemory at 0x7ff820bc0000 of 64 bytes failed: Запрос ReadProcessMemory или WriteProcessMemory был выполнен только частично. (0x12B)
[0916/182054.324:WARNING:pe_image_reader.cc(340)] could not read dos header from C:\Windows\System32\cfgmgr32.dll
[0916/182054.324:ERROR:process_memory_win.cc(73)] ReadMemory at 0x7ff81f810000 of 64 bytes failed: Запрос ReadProcessMemory или WriteProcessMemory был выполнен только частично. (0x12B)
[0916/182054.324:WARNING:pe_image_reader.cc(340)] could not read dos header from C:\Windows\SYSTEM32\PROPSYS.dll
[0916/182054.324:ERROR:process_memory_win.cc(73)] ReadMemory at 0x7ff81f810000 of 64 bytes failed: Запрос ReadProcessMemory или WriteProcessMemory был выполнен только частично. (0x12B)
[0916/182054.324:WARNING:pe_image_reader.cc(340)] could not read dos header from C:\Windows\SYSTEM32\PROPSYS.dll
[0916/182054.324:ERROR:process_memory_win.cc(73)] ReadMemory at 0x7ff822460000 of 64 bytes failed: Запрос ReadProcessMemory или WriteProcessMemory был выполнен только частично. (0x12B)
[0916/182054.325:WARNING:pe_image_reader.cc(340)] could not read dos header from C:\Windows\System32\shcore.dll
[0916/182054.325:ERROR:process_memory_win.cc(73)] ReadMemory at 0x7ff822460000 of 64 bytes failed: Запрос ReadProcessMemory или WriteProcessMemory был выполнен только частично. (0x12B)
[0916/182054.325:WARNING:pe_image_reader.cc(340)] could not read dos header from C:\Windows\System32\shcore.dll
[0916/182054.325:ERROR:process_memory_win.cc(73)] ReadMemory at 0x7ff8209f0000 of 64 bytes failed: Запрос ReadProcessMemory или WriteProcessMemory был выполнен только частично. (0x12B)
[0916/182054.325:WARNING:pe_image_reader.cc(340)] could not read dos header from C:\Windows\SYSTEM32\SSPICLI.DLL
[0916/182054.325:ERROR:process_memory_win.cc(73)] ReadMemory at 0x7ff8209f0000 of 64 bytes failed: Запрос ReadProcessMemory или WriteProcessMemory был выполнен только частично. (0x12B)
[0916/182054.325:WARNING:pe_image_reader.cc(340)] could not read dos header from C:\Windows\SYSTEM32\SSPICLI.DLL
[0916/182054.325:ERROR:process_memory_win.cc(73)] ReadMemory at 0x7ff822a80000 of 64 bytes failed: Запрос ReadProcessMemory или WriteProcessMemory был выполнен только частично. (0x12B)
[0916/182054.325:WARNING:pe_image_reader.cc(340)] could not read dos header from C:\Windows\System32\IMM32.DLL
[0916/182054.325:ERROR:process_memory_win.cc(73)] ReadMemory at 0x7ff822a80000 of 64 bytes failed: Запрос ReadProcessMemory или WriteProcessMemory был выполнен только частично. (0x12B)
[0916/182054.325:WARNING:pe_image_reader.cc(340)] could not read dos header from C:\Windows\System32\IMM32.DLL
[0916/182054.325:ERROR:process_memory_win.cc(73)] ReadMemory at 0x7ff822510000 of 64 bytes failed: Запрос ReadProcessMemory или WriteProcessMemory был выполнен только частично. (0x12B)
[0916/182054.325:WARNING:pe_image_reader.cc(340)] could not read dos header from C:\Windows\System32\ole32.dll
[0916/182054.326:ERROR:process_memory_win.cc(73)] ReadMemory at 0x7ff822510000 of 64 bytes failed: Запрос ReadProcessMemory или WriteProcessMemory был выполнен только частично. (0x12B)
[0916/182054.326:WARNING:pe_image_reader.cc(340)] could not read dos header from C:\Windows\System32\ole32.dll
[0916/182054.326:ERROR:process_memory_win.cc(73)] ReadMemory at 0x7ff820490000 of 64 bytes failed: Запрос ReadProcessMemory или WriteProcessMemory был выполнен только частично. (0x12B)
[0916/182054.326:WARNING:pe_image_reader.cc(340)] could not read dos header from C:\Windows\SYSTEM32\CRYPTBASE.DLL
[0916/182054.326:ERROR:process_memory_win.cc(73)] ReadMemory at 0x7ff820490000 of 64 bytes failed: Запрос ReadProcessMemory или WriteProcessMemory был выполнен только частично. (0x12B)
[0916/182054.326:WARNING:pe_image_reader.cc(340)] could not read dos header from C:\Windows\SYSTEM32\CRYPTBASE.DLL
[0916/182054.648:ERROR:process_memory_win.cc(73)] ReadMemory at 0x7ff70d520000 of 64 bytes failed: Запрос ReadProcessMemory или WriteProcessMemory был выполнен только частично. (0x12B)
[0916/182054.648:WARNING:pe_image_reader.cc(340)] could not read dos header from C:\Program Files (x86)\Google\Chrome\Application\chrome.exe
[0916/182054.648:ERROR:process_memory_win.cc(73)] ReadMemory at 0x7ff824b00000 of 64 bytes failed: Запрос ReadProcessMemory или WriteProcessMemory был выполнен только частично. (0x12B)
[0916/182054.649:WARNING:pe_image_reader.cc(340)] could not read dos header from C:\Windows\SYSTEM32\ntdll.dll
[0916/182054.649:ERROR:process_memory_win.cc(73)] ReadMemory at 0x7ff8249b0000 of 64 bytes failed: Запрос ReadProcessMemory или WriteProcessMemory был выполнен только частично. (0x12B)
[0916/182054.649:WARNING:pe_image_reader.cc(340)] could not read dos header from C:\Windows\System32\KERNEL32.dll
[0916/182054.649:ERROR:process_memory_win.cc(73)] ReadMemory at 0x7ff820c90000 of 64 bytes failed: Запрос ReadProcessMemory или WriteProcessMemory был выполнен только частично. (0x12B)
[0916/182054.649:WARNING:pe_image_reader.cc(340)] could not read dos header from C:\Windows\System32\KERNELBASE.dll
[0916/182054.649:ERROR:process_memory_win.cc(73)] ReadMemory at 0x7ffff2330000 of 64 bytes failed: Запрос ReadProcessMemory или WriteProcessMemory был выполнен только частично. (0x12B)
[0916/182054.649:WARNING:pe_image_reader.cc(340)] could not read dos header from C:\Program Files (x86)\Google\Chrome\Application\76.0.3809.132\chrome_elf.dll
[0916/182054.650:ERROR:process_memory_win.cc(73)] ReadMemory at 0x7ff8209b0000 of 64 bytes failed: Запрос ReadProcessMemory или WriteProcessMemory был выполнен только частично. (0x12B)
[0916/182054.650:WARNING:pe_image_reader.cc(340)] could not read dos header from C:\Windows\SYSTEM32\VERSION.dll
[0916/182054.650:ERROR:process_memory_win.cc(73)] ReadMemory at 0x7ff824890000 of 64 bytes failed: Запрос ReadProcessMemory или WriteProcessMemory был выполнен только частично. (0x12B)
[0916/182054.650:WARNING:pe_image_reader.cc(340)] could not read dos header from C:\Windows\System32\msvcrt.dll
[0916/182054.650:ERROR:process_memory_win.cc(73)] ReadMemory at 0x7ff820c10000 of 64 bytes failed: Запрос ReadProcessMemory или WriteProcessMemory был выполнен только частично. (0x12B)
[0916/182054.650:WARNING:pe_image_reader.cc(340)] could not read dos header from C:\Windows\System32\bcryptPrimitives.dll
[0916/182054.650:ERROR:process_memory_win.cc(73)] ReadMemory at 0x7ff822b80000 of 64 bytes failed: Запрос ReadProcessMemory или WriteProcessMemory был выполнен только частично. (0x12B)
[0916/182054.650:WARNING:pe_image_reader.cc(340)] could not read dos header from C:\Windows\System32\ADVAPI32.dll
[0916/182054.651:ERROR:process_memory_win.cc(73)] ReadMemory at 0x7ff822ac0000 of 64 bytes failed: Запрос ReadProcessMemory или WriteProcessMemory был выполнен только частично. (0x12B)
[0916/182054.651:WARNING:pe_image_reader.cc(340)] could not read dos header from C:\Windows\System32\sechost.dll
[0916/182054.651:ERROR:process_memory_win.cc(73)] ReadMemory at 0x7ff821d20000 of 64 bytes failed: Запрос ReadProcessMemory или WriteProcessMemory был выполнен только частично. (0x12B)
[0916/182054.651:WARNING:pe_image_reader.cc(340)] could not read dos header from C:\Windows\System32\RPCRT4.dll
[0916/182054.651:ERROR:process_memory_win.cc(73)] ReadMemory at 0x7fffd4be0000 of 64 bytes failed: Запрос ReadProcessMemory или WriteProcessMemory был выполнен только частично. (0x12B)
[0916/182054.651:WARNING:pe_image_reader.cc(340)] could not read dos header from C:\Program Files (x86)\Google\Chrome\Application\76.0.3809.132\chrome_child.dll
[0916/182054.651:ERROR:process_memory_win.cc(73)] ReadMemory at 0x7ff822390000 of 64 bytes failed: Запрос ReadProcessMemory или WriteProcessMemory был выполнен только частично. (0x12B)
[0916/182054.652:WARNING:pe_image_reader.cc(340)] could not read dos header from C:\Windows\System32\OLEAUT32.dll
[0916/182054.652:ERROR:process_memory_win.cc(73)] ReadMemory at 0x7ff820f30000 of 64 bytes failed: Запрос ReadProcessMemory или WriteProcessMemory был выполнен только частично. (0x12B)
[0916/182054.652:WARNING:pe_image_reader.cc(340)] could not read dos header from C:\Windows\System32\msvcp_win.dll
[0916/182054.652:ERROR:process_memory_win.cc(73)] ReadMemory at 0x7ff8211f0000 of 64 bytes failed: Запрос ReadProcessMemory или WriteProcessMemory был выполнен только частично. (0x12B)
[0916/182054.652:WARNING:pe_image_reader.cc(340)] could not read dos header from C:\Windows\System32\ucrtbase.dll
[0916/182054.652:ERROR:process_memory_win.cc(73)] ReadMemory at 0x7ff822670000 of 64 bytes failed: Запрос ReadProcessMemory или WriteProcessMemory был выполнен только частично. (0x12B)
[0916/182054.652:WARNING:pe_image_reader.cc(340)] could not read dos header from C:\Windows\System32\combase.dll
[0916/182054.652:ERROR:process_memory_win.cc(73)] ReadMemory at 0x7ff822d20000 of 64 bytes failed: Запрос ReadProcessMemory или WriteProcessMemory был выполнен только частично. (0x12B)
[0916/182054.653:WARNING:pe_image_reader.cc(340)] could not read dos header from C:\Windows\System32\WS2_32.dll
[0916/182054.653:ERROR:process_memory_win.cc(73)] ReadMemory at 0x7ff822c90000 of 64 bytes failed: Запрос ReadProcessMemory или WriteProcessMemory был выполнен только частично. (0x12B)
[0916/182054.653:WARNING:pe_image_reader.cc(340)] could not read dos header from C:\Windows\System32\GDI32.dll
[0916/182054.653:ERROR:process_memory_win.cc(73)] ReadMemory at 0x7ff821030000 of 64 bytes failed: Запрос ReadProcessMemory или WriteProcessMemory был выполнен только частично. (0x12B)
[0916/182054.653:WARNING:pe_image_reader.cc(340)] could not read dos header from C:\Windows\System32\gdi32full.dll
[0916/182054.653:ERROR:process_memory_win.cc(73)] ReadMemory at 0x7ff823030000 of 64 bytes failed: Запрос ReadProcessMemory или WriteProcessMemory был выполнен только частично. (0x12B)
[0916/182054.653:WARNING:pe_image_reader.cc(340)] could not read dos header from C:\Windows\System32\USER32.dll
[0916/182054.653:ERROR:process_memory_win.cc(73)] ReadMemory at 0x7ff821d00000 of 64 bytes failed: Запрос ReadProcessMemory или WriteProcessMemory был выполнен только частично. (0x12B)
[0916/182054.653:WARNING:pe_image_reader.cc(340)] could not read dos header from C:\Windows\System32\win32u.dll
[0916/182054.654:ERROR:process_memory_win.cc(73)] ReadMemory at 0x7ff820fd0000 of 64 bytes failed: Запрос ReadProcessMemory или WriteProcessMemory был выполнен только частично. (0x12B)
[0916/182054.654:WARNING:pe_image_reader.cc(340)] could not read dos header from C:\Windows\System32\WINTRUST.dll
[0916/182054.654:ERROR:process_memory_win.cc(73)] ReadMemory at 0x7ff820af0000 of 64 bytes failed: Запрос ReadProcessMemory или WriteProcessMemory был выполнен только частично. (0x12B)
[0916/182054.654:WARNING:pe_image_reader.cc(340)] could not read dos header from C:\Windows\System32\MSASN1.dll
[0916/182054.654:ERROR:process_memory_win.cc(73)] ReadMemory at 0x7ff821af0000 of 64 bytes failed: Запрос ReadProcessMemory или WriteProcessMemory был выполнен только частично. (0x12B)
[0916/182054.654:WARNING:pe_image_reader.cc(340)] could not read dos header from C:\Windows\System32\CRYPT32.dll
[0916/182054.654:ERROR:process_memory_win.cc(73)] ReadMemory at 0x7ff81ffe0000 of 64 bytes failed: Запрос ReadProcessMemory или WriteProcessMemory был выполнен только частично. (0x12B)
[0916/182054.654:WARNING:pe_image_reader.cc(340)] could not read dos header from C:\Windows\SYSTEM32\IPHLPAPI.DLL
[0916/182054.654:ERROR:process_memory_win.cc(73)] ReadMemory at 0x7ff81e830000 of 64 bytes failed: Запрос ReadProcessMemory или WriteProcessMemory был выполнен только частично. (0x12B)
[0916/182054.655:WARNING:pe_image_reader.cc(340)] could not read dos header from C:\Windows\SYSTEM32\WINMM.dll
[0916/182054.655:ERROR:process_memory_win.cc(73)] ReadMemory at 0x7ff820a20000 of 64 bytes failed: Запрос ReadProcessMemory или WriteProcessMemory был выполнен только частично. (0x12B)
[0916/182054.655:WARNING:pe_image_reader.cc(340)] could not read dos header from C:\Windows\SYSTEM32\USERENV.dll
[0916/182054.655:ERROR:process_memory_win.cc(73)] ReadMemory at 0x7ff820b30000 of 64 bytes failed: Запрос ReadProcessMemory или WriteProcessMemory был выполнен только частично. (0x12B)
[0916/182054.655:WARNING:pe_image_reader.cc(340)] could not read dos header from C:\Windows\System32\profapi.dll
[0916/182054.655:ERROR:process_memory_win.cc(73)] ReadMemory at 0x7ff812210000 of 64 bytes failed: Запрос ReadProcessMemory или WriteProcessMemory был выполнен только частично. (0x12B)
[0916/182054.655:WARNING:pe_image_reader.cc(340)] could not read dos header from C:\Windows\SYSTEM32\DWrite.dll
[0916/182054.655:ERROR:process_memory_win.cc(73)] ReadMemory at 0x7ff81a500000 of 64 bytes failed: Запрос ReadProcessMemory или WriteProcessMemory был выполнен только частично. (0x12B)
[0916/182054.655:WARNING:pe_image_reader.cc(340)] could not read dos header from C:\Windows\SYSTEM32\WINSPOOL.DRV
[0916/182054.656:ERROR:process_memory_win.cc(73)] ReadMemory at 0x7ff820b10000 of 64 bytes failed: Запрос ReadProcessMemory или WriteProcessMemory был выполнен только частично. (0x12B)
[0916/182054.656:WARNING:pe_image_reader.cc(340)] could not read dos header from C:\Windows\System32\kernel.appcore.dll
[0916/182054.656:ERROR:process_memory_win.cc(73)] ReadMemory at 0x7ff821cd0000 of 64 bytes failed: Запрос ReadProcessMemory или WriteProcessMemory был выполнен только частично. (0x12B)
[0916/182054.656:WARNING:pe_image_reader.cc(340)] could not read dos header from C:\Windows\System32\bcrypt.dll
[0916/182054.656:ERROR:process_memory_win.cc(73)] ReadMemory at 0x7ff817d90000 of 64 bytes failed: Запрос ReadProcessMemory или WriteProcessMemory был выполнен только частично. (0x12B)
[0916/182054.656:WARNING:pe_image_reader.cc(340)] could not read dos header from C:\Windows\SYSTEM32\dbghelp.dll
[0916/182054.656:ERROR:process_memory_win.cc(73)] ReadMemory at 0x7ff81c450000 of 64 bytes failed: Запрос ReadProcessMemory или WriteProcessMemory был выполнен только частично. (0x12B)
[0916/182054.656:WARNING:pe_image_reader.cc(340)] could not read dos header from C:\Windows\SYSTEM32\WINHTTP.dll
[0916/182054.657:ERROR:process_memory_win.cc(73)] ReadMemory at 0x7ff807ee0000 of 64 bytes failed: Запрос ReadProcessMemory или WriteProcessMemory был выполнен только частично. (0x12B)
[0916/182054.657:WARNING:pe_image_reader.cc(340)] could not read dos header from C:\Windows\SYSTEM32\Secur32.dll
[0916/182054.657:ERROR:process_memory_win.cc(73)] ReadMemory at 0x7ff817920000 of 64 bytes failed: Запрос ReadProcessMemory или WriteProcessMemory был выполнен только частично. (0x12B)
[0916/182054.657:WARNING:pe_image_reader.cc(340)] could not read dos header from C:\Windows\SYSTEM32\dhcpcsvc.DLL
[0916/182054.657:ERROR:process_memory_win.cc(73)] ReadMemory at 0x7ff822ab0000 of 64 bytes failed: Запрос ReadProcessMemory или WriteProcessMemory был выполнен только частично. (0x12B)
[0916/182054.658:WARNING:pe_image_reader.cc(340)] could not read dos header from C:\Windows\System32\NSI.dll
[0916/182054.658:ERROR:process_memory_win.cc(73)] ReadMemory at 0x7ff81e800000 of 64 bytes failed: Запрос ReadProcessMemory или WriteProcessMemory был выполнен только частично. (0x12B)
[0916/182054.658:WARNING:pe_image_reader.cc(340)] could not read dos header from C:\Windows\SYSTEM32\WINMMBASE.dll
[0916/182054.658:ERROR:process_memory_win.cc(73)] ReadMemory at 0x7ff820bc0000 of 64 bytes failed: Запрос ReadProcessMemory или WriteProcessMemory был выполнен только частично. (0x12B)
[0916/182054.659:WARNING:pe_image_reader.cc(340)] could not read dos header from C:\Windows\System32\cfgmgr32.dll
[0916/182054.659:ERROR:process_memory_win.cc(73)] ReadMemory at 0x7ff81f810000 of 64 bytes failed: Запрос ReadProcessMemory или WriteProcessMemory был выполнен только частично. (0x12B)
[0916/182054.659:WARNING:pe_image_reader.cc(340)] could not read dos header from C:\Windows\SYSTEM32\PROPSYS.dll
[0916/182054.660:ERROR:process_memory_win.cc(73)] ReadMemory at 0x7ff822460000 of 64 bytes failed: Запрос ReadProcessMemory или WriteProcessMemory был выполнен только частично. (0x12B)
[0916/182054.660:WARNING:pe_image_reader.cc(340)] could not read dos header from C:\Windows\System32\shcore.dll
[0916/182054.660:ERROR:process_memory_win.cc(73)] ReadMemory at 0x7ff8209f0000 of 64 bytes failed: Запрос ReadProcessMemory или WriteProcessMemory был выполнен только частично. (0x12B)
[0916/182054.660:WARNING:pe_image_reader.cc(340)] could not read dos header from C:\Windows\SYSTEM32\SSPICLI.DLL
[0916/182054.660:ERROR:process_memory_win.cc(73)] ReadMemory at 0x7ff822a80000 of 64 bytes failed: Запрос ReadProcessMemory или WriteProcessMemory был выполнен только частично. (0x12B)
[0916/182054.660:WARNING:pe_image_reader.cc(340)] could not read dos header from C:\Windows\System32\IMM32.DLL
[0916/182054.660:ERROR:process_memory_win.cc(73)] ReadMemory at 0x7ff822510000 of 64 bytes failed: Запрос ReadProcessMemory или WriteProcessMemory был выполнен только частично. (0x12B)
[0916/182054.661:WARNING:pe_image_reader.cc(340)] could not read dos header from C:\Windows\System32\ole32.dll
[0916/182054.661:ERROR:process_memory_win.cc(73)] ReadMemory at 0x7ff820490000 of 64 bytes failed: Запрос ReadProcessMemory или WriteProcessMemory был выполнен только частично. (0x12B)
[0916/182054.661:WARNING:pe_image_reader.cc(340)] could not read dos header from C:\Windows\SYSTEM32\CRYPTBASE.DLL
[0916/182054.661:ERROR:process_memory_win.cc(73)] ReadMemory at 0x7ff70d520000 of 64 bytes failed: Запрос ReadProcessMemory или WriteProcessMemory был выполнен только частично. (0x12B)
[0916/182054.661:WARNING:pe_image_reader.cc(340)] could not read dos header from C:\Program Files (x86)\Google\Chrome\Application\chrome.exe
[0916/182054.661:ERROR:process_memory_win.cc(73)] ReadMemory at 0x7ff824b00000 of 64 bytes failed: Запрос ReadProcessMemory или WriteProcessMemory был выполнен только частично. (0x12B)
[0916/182054.661:WARNING:pe_image_reader.cc(340)] could not read dos header from C:\Windows\SYSTEM32\ntdll.dll
[0916/182054.661:ERROR:process_memory_win.cc(73)] ReadMemory at 0x7ff8249b0000 of 64 bytes failed: Запрос ReadProcessMemory или WriteProcessMemory был выполнен только частично. (0x12B)
[0916/182054.661:WARNING:pe_image_reader.cc(340)] could not read dos header from C:\Windows\System32\KERNEL32.dll
[0916/182054.662:ERROR:process_memory_win.cc(73)] ReadMemory at 0x7ff820c90000 of 64 bytes failed: Запрос ReadProcessMemory или WriteProcessMemory был выполнен только частично. (0x12B)
[0916/182054.662:WARNING:pe_image_reader.cc(340)] could not read dos header from C:\Windows\System32\KERNELBASE.dll
[0916/182054.662:ERROR:process_memory_win.cc(73)] ReadMemory at 0x7ffff2330000 of 64 bytes failed: Запрос ReadProcessMemory или WriteProcessMemory был выполнен только частично. (0x12B)
[0916/182054.662:WARNING:pe_image_reader.cc(340)] could not read dos header from C:\Program Files (x86)\Google\Chrome\Application\76.0.3809.132\chrome_elf.dll
[0916/182054.662:ERROR:process_memory_win.cc(73)] ReadMemory at 0x7ff8209b0000 of 64 bytes failed: Запрос ReadProcessMemory или WriteProcessMemory был выполнен только частично. (0x12B)
[0916/182054.662:WARNING:pe_image_reader.cc(340)] could not read dos header from C:\Windows\SYSTEM32\VERSION.dll
[0916/182054.662:ERROR:process_memory_win.cc(73)] ReadMemory at 0x7ff824890000 of 64 bytes failed: Запрос ReadProcessMemory или WriteProcessMemory был выполнен только частично. (0x12B)
[0916/182054.662:WARNING:pe_image_reader.cc(340)] could not read dos header from C:\Windows\System32\msvcrt.dll
[0916/182054.662:ERROR:process_memory_win.cc(73)] ReadMemory at 0x7ff820c10000 of 64 bytes failed: Запрос ReadProcessMemory или WriteProcessMemory был выполнен только частично. (0x12B)
[0916/182054.663:WARNING:pe_image_reader.cc(340)] could not read dos header from C:\Windows\System32\bcryptPrimitives.dll
[0916/182054.663:ERROR:process_memory_win.cc(73)] ReadMemory at 0x7ff822b80000 of 64 bytes failed: Запрос ReadProcessMemory или WriteProcessMemory был выполнен только частично. (0x12B)
[0916/182054.663:WARNING:pe_image_reader.cc(340)] could not read dos header from C:\Windows\System32\ADVAPI32.dll
[0916/182054.663:ERROR:process_memory_win.cc(73)] ReadMemory at 0x7ff822ac0000 of 64 bytes failed: Запрос ReadProcessMemory или WriteProcessMemory был выполнен только частично. (0x12B)
[0916/182054.663:WARNING:pe_image_reader.cc(340)] could not read dos header from C:\Windows\System32\sechost.dll
[0916/182054.663:ERROR:process_memory_win.cc(73)] ReadMemory at 0x7ff821d20000 of 64 bytes failed: Запрос ReadProcessMemory или WriteProcessMemory был выполнен только частично. (0x12B)
[0916/182054.663:WARNING:pe_image_reader.cc(340)] could not read dos header from C:\Windows\System32\RPCRT4.dll
[0916/182054.663:ERROR:process_memory_win.cc(73)] ReadMemory at 0x7fffd4be0000 of 64 bytes failed: Запрос ReadProcessMemory или WriteProcessMemory был выполнен только частично. (0x12B)
[0916/182054.663:WARNING:pe_image_reader.cc(340)] could not read dos header from C:\Program Files (x86)\Google\Chrome\Application\76.0.3809.132\chrome_child.dll
[0916/182054.664:ERROR:process_memory_win.cc(73)] ReadMemory at 0x7ff822390000 of 64 bytes failed: Запрос ReadProcessMemory или WriteProcessMemory был выполнен только частично. (0x12B)
[0916/182054.664:WARNING:pe_image_reader.cc(340)] could not read dos header from C:\Windows\System32\OLEAUT32.dll
[0916/182054.664:ERROR:process_memory_win.cc(73)] ReadMemory at 0x7ff820f30000 of 64 bytes failed: Запрос ReadProcessMemory или WriteProcessMemory был выполнен только частично. (0x12B)
[0916/182054.664:WARNING:pe_image_reader.cc(340)] could not read dos header from C:\Windows\System32\msvcp_win.dll
[0916/182054.664:ERROR:process_memory_win.cc(73)] ReadMemory at 0x7ff8211f0000 of 64 bytes failed: Запрос ReadProcessMemory или WriteProcessMemory был выполнен только частично. (0x12B)
[0916/182054.664:WARNING:pe_image_reader.cc(340)] could not read dos header from C:\Windows\System32\ucrtbase.dll
[0916/182054.664:ERROR:process_memory_win.cc(73)] ReadMemory at 0x7ff822670000 of 64 bytes failed: Запрос ReadProcessMemory или WriteProcessMemory был выполнен только частично. (0x12B)
[0916/182054.664:WARNING:pe_image_reader.cc(340)] could not read dos header from C:\Windows\System32\combase.dll
[0916/182054.665:ERROR:process_memory_win.cc(73)] ReadMemory at 0x7ff822d20000 of 64 bytes failed: Запрос ReadProcessMemory или WriteProcessMemory был выполнен только частично. (0x12B)
[0916/182054.665:WARNING:pe_image_reader.cc(340)] could not read dos header from C:\Windows\System32\WS2_32.dll
[0916/182054.665:ERROR:process_memory_win.cc(73)] ReadMemory at 0x7ff822c90000 of 64 bytes failed: Запрос ReadProcessMemory или WriteProcessMemory был выполнен только частично. (0x12B)
[0916/182054.665:WARNING:pe_image_reader.cc(340)] could not read dos header from C:\Windows\System32\GDI32.dll
[0916/182054.665:ERROR:process_memory_win.cc(73)] ReadMemory at 0x7ff821030000 of 64 bytes failed: Запрос ReadProcessMemory или WriteProcessMemory был выполнен только частично. (0x12B)
[0916/182054.665:WARNING:pe_image_reader.cc(340)] could not read dos header from C:\Windows\System32\gdi32full.dll
[0916/182054.665:ERROR:process_memory_win.cc(73)] ReadMemory at 0x7ff823030000 of 64 bytes failed: Запрос ReadProcessMemory или WriteProcessMemory был выполнен только частично. (0x12B)
[0916/182054.665:WARNING:pe_image_reader.cc(340)] could not read dos header from C:\Windows\System32\USER32.dll
[0916/182054.665:ERROR:process_memory_win.cc(73)] ReadMemory at 0x7ff821d00000 of 64 bytes failed: Запрос ReadProcessMemory или WriteProcessMemory был выполнен только частично. (0x12B)
[0916/182054.666:WARNING:pe_image_reader.cc(340)] could not read dos header from C:\Windows\System32\win32u.dll
[0916/182054.666:ERROR:process_memory_win.cc(73)] ReadMemory at 0x7ff820fd0000 of 64 bytes failed: Запрос ReadProcessMemory или WriteProcessMemory был выполнен только частично. (0x12B)
[0916/182054.666:WARNING:pe_image_reader.cc(340)] could not read dos header from C:\Windows\System32\WINTRUST.dll
[0916/182054.666:ERROR:process_memory_win.cc(73)] ReadMemory at 0x7ff820af0000 of 64 bytes failed: Запрос ReadProcessMemory или WriteProcessMemory был выполнен только частично. (0x12B)
[0916/182054.666:WARNING:pe_image_reader.cc(340)] could not read dos header from C:\Windows\System32\MSASN1.dll
[0916/182054.666:ERROR:process_memory_win.cc(73)] ReadMemory at 0x7ff821af0000 of 64 bytes failed: Запрос ReadProcessMemory или WriteProcessMemory был выполнен только частично. (0x12B)
[0916/182054.666:WARNING:pe_image_reader.cc(340)] could not read dos header from C:\Windows\System32\CRYPT32.dll
[0916/182054.666:ERROR:process_memory_win.cc(73)] ReadMemory at 0x7ff81ffe0000 of 64 bytes failed: Запрос ReadProcessMemory или WriteProcessMemory был выполнен только частично. (0x12B)
[0916/182054.666:WARNING:pe_image_reader.cc(340)] could not read dos header from C:\Windows\SYSTEM32\IPHLPAPI.DLL
[0916/182054.667:ERROR:process_memory_win.cc(73)] ReadMemory at 0x7ff81e830000 of 64 bytes failed: Запрос ReadProcessMemory или WriteProcessMemory был выполнен только частично. (0x12B)
[0916/182054.667:WARNING:pe_image_reader.cc(340)] could not read dos header from C:\Windows\SYSTEM32\WINMM.dll
[0916/182054.667:ERROR:process_memory_win.cc(73)] ReadMemory at 0x7ff820a20000 of 64 bytes failed: Запрос ReadProcessMemory или WriteProcessMemory был выполнен только частично. (0x12B)
[0916/182054.667:WARNING:pe_image_reader.cc(340)] could not read dos header from C:\Windows\SYSTEM32\USERENV.dll
[0916/182054.667:ERROR:process_memory_win.cc(73)] ReadMemory at 0x7ff820b30000 of 64 bytes failed: Запрос ReadProcessMemory или WriteProcessMemory был выполнен только частично. (0x12B)
[0916/182054.667:WARNING:pe_image_reader.cc(340)] could not read dos header from C:\Windows\System32\profapi.dll
[0916/182054.667:ERROR:process_memory_win.cc(73)] ReadMemory at 0x7ff812210000 of 64 bytes failed: Запрос ReadProcessMemory или WriteProcessMemory был выполнен только частично. (0x12B)
[0916/182054.667:WARNING:pe_image_reader.cc(340)] could not read dos header from C:\Windows\SYSTEM32\DWrite.dll
[0916/182054.667:ERROR:process_memory_win.cc(73)] ReadMemory at 0x7ff81a500000 of 64 bytes failed: Запрос ReadProcessMemory или WriteProcessMemory был выполнен только частично. (0x12B)
[0916/182054.668:WARNING:pe_image_reader.cc(340)] could not read dos header from C:\Windows\SYSTEM32\WINSPOOL.DRV
[0916/182054.668:ERROR:process_memory_win.cc(73)] ReadMemory at 0x7ff820b10000 of 64 bytes failed: Запрос ReadProcessMemory или WriteProcessMemory был выполнен только частично. (0x12B)
[0916/182054.668:WARNING:pe_image_reader.cc(340)] could not read dos header from C:\Windows\System32\kernel.appcore.dll
[0916/182054.668:ERROR:process_memory_win.cc(73)] ReadMemory at 0x7ff821cd0000 of 64 bytes failed: Запрос ReadProcessMemory или WriteProcessMemory был выполнен только частично. (0x12B)
[0916/182054.668:WARNING:pe_image_reader.cc(340)] could not read dos header from C:\Windows\System32\bcrypt.dll
[0916/182054.668:ERROR:process_memory_win.cc(73)] ReadMemory at 0x7ff817d90000 of 64 bytes failed: Запрос ReadProcessMemory или WriteProcessMemory был выполнен только частично. (0x12B)
[0916/182054.668:WARNING:pe_image_reader.cc(340)] could not read dos header from C:\Windows\SYSTEM32\dbghelp.dll
[0916/182054.668:ERROR:process_memory_win.cc(73)] ReadMemory at 0x7ff81c450000 of 64 bytes failed: Запрос ReadProcessMemory или WriteProcessMemory был выполнен только частично. (0x12B)
[0916/182054.668:WARNING:pe_image_reader.cc(340)] could not read dos header from C:\Windows\SYSTEM32\WINHTTP.dll
[0916/182054.669:ERROR:process_memory_win.cc(73)] ReadMemory at 0x7ff807ee0000 of 64 bytes failed: Запрос ReadProcessMemory или WriteProcessMemory был выполнен только частично. (0x12B)
[0916/182054.669:WARNING:pe_image_reader.cc(340)] could not read dos header from C:\Windows\SYSTEM32\Secur32.dll
[0916/182054.669:ERROR:process_memory_win.cc(73)] ReadMemory at 0x7ff817920000 of 64 bytes failed: Запрос ReadProcessMemory или WriteProcessMemory был выполнен только частично. (0x12B)
[0916/182054.669:WARNING:pe_image_reader.cc(340)] could not read dos header from C:\Windows\SYSTEM32\dhcpcsvc.DLL
[0916/182054.669:ERROR:process_memory_win.cc(73)] ReadMemory at 0x7ff822ab0000 of 64 bytes failed: Запрос ReadProcessMemory или WriteProcessMemory был выполнен только частично. (0x12B)
[0916/182054.669:WARNING:pe_image_reader.cc(340)] could not read dos header from C:\Windows\System32\NSI.dll
[0916/182054.669:ERROR:process_memory_win.cc(73)] ReadMemory at 0x7ff81e800000 of 64 bytes failed: Запрос ReadProcessMemory или WriteProcessMemory был выполнен только частично. (0x12B)
[0916/182054.669:WARNING:pe_image_reader.cc(340)] could not read dos header from C:\Windows\SYSTEM32\WINMMBASE.dll
[0916/182054.670:ERROR:process_memory_win.cc(73)] ReadMemory at 0x7ff820bc0000 of 64 bytes failed: Запрос ReadProcessMemory или WriteProcessMemory был выполнен только частично. (0x12B)
[0916/182054.670:WARNING:pe_image_reader.cc(340)] could not read dos header from C:\Windows\System32\cfgmgr32.dll
[0916/182054.670:ERROR:process_memory_win.cc(73)] ReadMemory at 0x7ff81f810000 of 64 bytes failed: Запрос ReadProcessMemory или WriteProcessMemory был выполнен только частично. (0x12B)
[0916/182054.670:WARNING:pe_image_reader.cc(340)] could not read dos header from C:\Windows\SYSTEM32\PROPSYS.dll
[0916/182054.670:ERROR:process_memory_win.cc(73)] ReadMemory at 0x7ff822460000 of 64 bytes failed: Запрос ReadProcessMemory или WriteProcessMemory был выполнен только частично. (0x12B)
[0916/182054.670:WARNING:pe_image_reader.cc(340)] could not read dos header from C:\Windows\System32\shcore.dll
[0916/182054.670:ERROR:process_memory_win.cc(73)] ReadMemory at 0x7ff8209f0000 of 64 bytes failed: Запрос ReadProcessMemory или WriteProcessMemory был выполнен только частично. (0x12B)
[0916/182054.670:WARNING:pe_image_reader.cc(340)] could not read dos header from C:\Windows\SYSTEM32\SSPICLI.DLL
[0916/182054.670:ERROR:process_memory_win.cc(73)] ReadMemory at 0x7ff822a80000 of 64 bytes failed: Запрос ReadProcessMemory или WriteProcessMemory был выполнен только частично. (0x12B)
[0916/182054.670:WARNING:pe_image_reader.cc(340)] could not read dos header from C:\Windows\System32\IMM32.DLL
[0916/182054.671:ERROR:process_memory_win.cc(73)] ReadMemory at 0x7ff822510000 of 64 bytes failed: Запрос ReadProcessMemory или WriteProcessMemory был выполнен только частично. (0x12B)
[0916/182054.671:WARNING:pe_image_reader.cc(340)] could not read dos header from C:\Windows\System32\ole32.dll
[0916/182054.671:ERROR:process_memory_win.cc(73)] ReadMemory at 0x7ff820490000 of 64 bytes failed: Запрос ReadProcessMemory или WriteProcessMemory был выполнен только частично. (0x12B)
[0916/182054.671:WARNING:pe_image_reader.cc(340)] could not read dos header from C:\Windows\SYSTEM32\CRYPTBASE.DLL
[0916/182054.698:ERROR:process_memory_win.cc(73)] ReadMemory at 0x4fbbded000 of 77824 bytes failed: Запрос ReadProcessMemory или WriteProcessMemory был выполнен только частично. (0x12B)
[0916/182054.699:ERROR:process_memory_win.cc(73)] ReadMemory at 0x4fbbffd000 of 12288 bytes failed: Запрос ReadProcessMemory или WriteProcessMemory был выполнен только частично. (0x12B)
[0916/182054.699:ERROR:process_memory_win.cc(73)] ReadMemory at 0x4fbc1fd000 of 12288 bytes failed: Запрос ReadProcessMemory или WriteProcessMemory был выполнен только частично. (0x12B)
[0916/182054.699:ERROR:process_memory_win.cc(73)] ReadMemory at 0x4fbc3fd000 of 12288 bytes failed: Запрос ReadProcessMemory или WriteProcessMemory был выполнен только частично. (0x12B)
[0916/182054.699:ERROR:process_memory_win.cc(73)] ReadMemory at 0x4fbc5fb000 of 20480 bytes failed: Запрос ReadProcessMemory или WriteProcessMemory был выполнен только частично. (0x12B)
[0916/182054.699:ERROR:process_memory_win.cc(73)] ReadMemory at 0x4fbc7fe000 of 8192 bytes failed: Запрос ReadProcessMemory или WriteProcessMemory был выполнен только частично. (0x12B)
[0916/182054.699:ERROR:process_memory_win.cc(73)] ReadMemory at 0x4fbc9fd000 of 12288 bytes failed: Запрос ReadProcessMemory или WriteProcessMemory был выполнен только частично. (0x12B)
[0916/182054.700:ERROR:process_memory_win.cc(73)] ReadMemory at 0x4fbcbfc000 of 16384 bytes failed: Запрос ReadProcessMemory или WriteProcessMemory был выполнен только частично. (0x12B)
[0916/182054.700:ERROR:process_memory_win.cc(73)] ReadMemory at 0x4fbcdfd000 of 12288 bytes failed: Запрос ReadProcessMemory или WriteProcessMemory был выполнен только частично. (0x12B)
[0916/182054.700:ERROR:process_memory_win.cc(73)] ReadMemory at 0x4fbcffd000 of 12288 bytes failed: Запрос ReadProcessMemory или WriteProcessMemory был выполнен только частично. (0x12B)
[0916/182054.700:ERROR:process_memory_win.cc(73)] ReadMemory at 0x4fbd1fd000 of 12288 bytes failed: Запрос ReadProcessMemory или WriteProcessMemory был выполнен только частично. (0x12B)
[0916/182054.700:ERROR:process_memory_win.cc(73)] ReadMemory at 0x4fbd3fd000 of 12288 bytes failed: Запрос ReadProcessMemory или WriteProcessMemory был выполнен только частично. (0x12B)
[0916/182054.700:ERROR:process_memory_win.cc(73)] ReadMemory at 0x4fbd5fd000 of 12288 bytes failed: Запрос ReadProcessMemory или WriteProcessMemory был выполнен только частично. (0x12B)
[0916/182054.701:ERROR:process_memory_win.cc(73)] ReadMemory at 0x4fbbac2000 of 852 bytes failed: Запрос ReadProcessMemory или WriteProcessMemory был выполнен только частично. (0x12B)
[0916/182054.701:ERROR:process_memory_win.cc(73)] ReadMemory at 0x4fbbac3000 of 6024 bytes failed: Запрос ReadProcessMemory или WriteProcessMemory был выполнен только частично. (0x12B)
[0916/182054.701:ERROR:process_memory_win.cc(73)] ReadMemory at 0x4fbbac5000 of 6024 bytes failed: Запрос ReadProcessMemory или WriteProcessMemory был выполнен только частично. (0x12B)
[0916/182054.701:ERROR:process_memory_win.cc(73)] ReadMemory at 0x4fbbac7000 of 6024 bytes failed: Запрос ReadProcessMemory или WriteProcessMemory был выполнен только частично. (0x12B)
[0916/182054.701:ERROR:process_memory_win.cc(73)] ReadMemory at 0x4fbbac9000 of 6024 bytes failed: Запрос ReadProcessMemory или WriteProcessMemory был выполнен только частично. (0x12B)
[0916/182054.701:ERROR:process_memory_win.cc(73)] ReadMemory at 0x4fbbacb000 of 6024 bytes failed: Запрос ReadProcessMemory или WriteProcessMemory был выполнен только частично. (0x12B)
[0916/182054.701:ERROR:process_memory_win.cc(73)] ReadMemory at 0x4fbbacd000 of 6024 bytes failed: Запрос ReadProcessMemory или WriteProcessMemory был выполнен только частично. (0x12B)
[0916/182054.702:ERROR:process_memory_win.cc(73)] ReadMemory at 0x4fbbacf000 of 6024 bytes failed: Запрос ReadProcessMemory или WriteProcessMemory был выполнен только частично. (0x12B)
[0916/182054.702:ERROR:process_memory_win.cc(73)] ReadMemory at 0x4fbbad1000 of 6024 bytes failed: Запрос ReadProcessMemory или WriteProcessMemory был выполнен только частично. (0x12B)
[0916/182054.702:ERROR:process_memory_win.cc(73)] ReadMemory at 0x4fbbad3000 of 6024 bytes failed: Запрос ReadProcessMemory или WriteProcessMemory был выполнен только частично. (0x12B)
[0916/182054.702:ERROR:process_memory_win.cc(73)] ReadMemory at 0x4fbbad5000 of 6024 bytes failed: Запрос ReadProcessMemory или WriteProcessMemory был выполнен только частично. (0x12B)
[0916/182054.702:ERROR:process_memory_win.cc(73)] ReadMemory at 0x4fbbad7000 of 6024 bytes failed: Запрос ReadProcessMemory или WriteProcessMemory был выполнен только частично. (0x12B)
[0916/182054.702:ERROR:process_memory_win.cc(73)] ReadMemory at 0x4fbbad9000 of 6024 bytes failed: Запрос ReadProcessMemory или WriteProcessMemory был выполнен только частично. (0x12B)
[0916/182054.702:ERROR:process_memory_win.cc(73)] ReadMemory at 0x4fbbadb000 of 6024 bytes failed: Запрос ReadProcessMemory или WriteProcessMemory был выполнен только частично. (0x12B)
[0916/182054.703:ERROR:process_memory_win.cc(73)] ReadMemory at 0x171add70fe0 of 19170 bytes failed: Запрос ReadProcessMemory или WriteProcessMemory был выполнен только частично. (0x12B)
[0916/182054.703:ERROR:process_memory_win.cc(73)] ReadMemory at 0x171add75ad0 of 1012 bytes failed: Запрос ReadProcessMemory или WriteProcessMemory был выполнен только частично. (0x12B)
[0916/182054.703:ERROR:process_memory_win.cc(73)] ReadMemory at 0x171add760f8 of 118 bytes failed: Запрос ReadProcessMemory или WriteProcessMemory был выполнен только частично. (0x12B)
[0916/182054.703:ERROR:process_memory_win.cc(73)] ReadMemory at 0x171add76170 of 856 bytes failed: Запрос ReadProcessMemory или WriteProcessMemory был выполнен только частично. (0x12B)
[0916/182054.703:ERROR:process_memory_win.cc(73)] ReadMemory at 0x171add764ca of 118 bytes failed: Запрос ReadProcessMemory или WriteProcessMemory был выполнен только частично. (0x12B)
[0916/182054.703:ERROR:process_memory_win.cc(73)] ReadMemory at 0x171add76542 of 96 bytes failed: Запрос ReadProcessMemory или WriteProcessMemory был выполнен только частично. (0x12B)
[0916/182054.703:ERROR:process_memory_win.cc(73)] ReadMemory at 0x171add765b0 of 58 bytes failed: Запрос ReadProcessMemory или WriteProcessMemory был выполнен только частично. (0x12B)
[0916/182054.703:ERROR:process_memory_win.cc(73)] ReadMemory at 0x171add766b0 of 132 bytes failed: Запрос ReadProcessMemory или WriteProcessMemory был выполнен только частично. (0x12B)
[0916/182054.704:ERROR:process_memory_win.cc(73)] ReadMemory at 0x171add76840 of 132 bytes failed: Запрос ReadProcessMemory или WriteProcessMemory был выполнен только частично. (0x12B)
[0916/182054.704:ERROR:process_memory_win.cc(73)] ReadMemory at 0x171add76a00 of 126 bytes failed: Запрос ReadProcessMemory или WriteProcessMemory был выполнен только частично. (0x12B)
[0916/182054.704:ERROR:process_memory_win.cc(73)] ReadMemory at 0x171add76cf0 of 132 bytes failed: Запрос ReadProcessMemory или WriteProcessMemory был выполнен только частично. (0x12B)
[0916/182054.704:ERROR:process_memory_win.cc(73)] ReadMemory at 0x171add775e0 of 132 bytes failed: Запрос ReadProcessMemory или WriteProcessMemory был выполнен только частично. (0x12B)
[0916/182054.704:ERROR:process_memory_win.cc(73)] ReadMemory at 0x171add77770 of 64 bytes failed: Запрос ReadProcessMemory или WriteProcessMemory был выполнен только частично. (0x12B)
[0916/182054.704:ERROR:process_memory_win.cc(73)] ReadMemory at 0x171add777c0 of 132 bytes failed: Запрос ReadProcessMemory или WriteProcessMemory был выполнен только частично. (0x12B)
[0916/182054.704:ERROR:process_memory_win.cc(73)] ReadMemory at 0x171add778f0 of 132 bytes failed: Запрос ReadProcessMemory или WriteProcessMemory был выполнен только частично. (0x12B)
[0916/182054.704:ERROR:process_memory_win.cc(73)] ReadMemory at 0x171add77bd0 of 132 bytes failed: Запрос ReadProcessMemory или WriteProcessMemory был выполнен только частично. (0x12B)
[0916/182054.704:ERROR:process_memory_win.cc(73)] ReadMemory at 0x171add77d60 of 68 bytes failed: Запрос ReadProcessMemory или WriteProcessMemory был выполнен только частично. (0x12B)
[0916/182054.704:ERROR:process_memory_win.cc(73)] ReadMemory at 0x171add7f280 of 62 bytes failed: Запрос ReadProcessMemory или WriteProcessMemory был выполнен только частично. (0x12B)
[0916/182054.705:ERROR:process_memory_win.cc(73)] ReadMemory at 0x171add7f3c0 of 60 bytes failed: Запрос ReadProcessMemory или WriteProcessMemory был выполнен только частично. (0x12B)
[0916/182054.705:ERROR:process_memory_win.cc(73)] ReadMemory at 0x171add7f6e0 of 62 bytes failed: Запрос ReadProcessMemory или WriteProcessMemory был выполнен только частично. (0x12B)
[0916/182054.705:ERROR:process_memory_win.cc(73)] ReadMemory at 0x171add7f730 of 62 bytes failed: Запрос ReadProcessMemory или WriteProcessMemory был выполнен только частично. (0x12B)
[0916/182054.705:ERROR:process_memory_win.cc(73)] ReadMemory at 0x171add7f910 of 60 bytes failed: Запрос ReadProcessMemory или WriteProcessMemory был выполнен только частично. (0x12B)
[0916/182054.705:ERROR:process_memory_win.cc(73)] ReadMemory at 0x171add7ffb0 of 132 bytes failed: Запрос ReadProcessMemory или WriteProcessMemory был выполнен только частично. (0x12B)
[0916/182054.705:ERROR:process_memory_win.cc(73)] ReadMemory at 0x171add800e0 of 154 bytes failed: Запрос ReadProcessMemory или WriteProcessMemory был выполнен только частично. (0x12B)
[0916/182054.705:ERROR:process_memory_win.cc(73)] ReadMemory at 0x171add81210 of 132 bytes failed: Запрос ReadProcessMemory или WriteProcessMemory был выполнен только частично. (0x12B)
[0916/182054.705:ERROR:process_memory_win.cc(73)] ReadMemory at 0x171add81f80 of 132 bytes failed: Запрос ReadProcessMemory или WriteProcessMemory был выполнен только частично. (0x12B)
[0916/182054.705:ERROR:process_memory_win.cc(73)] ReadMemory at 0x171add85570 of 80 bytes failed: Запрос ReadProcessMemory или WriteProcessMemory был выполнен только частично. (0x12B)
[0916/182054.705:ERROR:process_memory_win.cc(73)] ReadMemory at 0x171add85ba0 of 132 bytes failed: Запрос ReadProcessMemory или WriteProcessMemory был выполнен только частично. (0x12B)
[0916/182054.705:ERROR:process_memory_win.cc(73)] ReadMemory at 0x171add85db0 of 132 bytes failed: Запрос ReadProcessMemory или WriteProcessMemory был выполнен только частично. (0x12B)
[0916/182054.706:ERROR:process_memory_win.cc(73)] ReadMemory at 0x171add85f20 of 132 bytes failed: Запрос ReadProcessMemory или WriteProcessMemory был выполнен только частично. (0x12B)
[0916/182054.706:ERROR:process_memory_win.cc(73)] ReadMemory at 0x171add860a0 of 132 bytes failed: Запрос ReadProcessMemory или WriteProcessMemory был выполнен только частично. (0x12B)
[0916/182054.706:ERROR:process_memory_win.cc(73)] ReadMemory at 0x171add861d0 of 132 bytes failed: Запрос ReadProcessMemory или WriteProcessMemory был выполнен только частично. (0x12B)
[0916/182054.706:ERROR:process_memory_win.cc(73)] ReadMemory at 0x171add86300 of 132 bytes failed: Запрос ReadProcessMemory или WriteProcessMemory был выполнен только частично. (0x12B)
[0916/182054.706:ERROR:process_memory_win.cc(73)] ReadMemory at 0x171add86430 of 132 bytes failed: Запрос ReadProcessMemory или WriteProcessMemory был выполнен только частично. (0x12B)
[0916/182054.706:ERROR:process_memory_win.cc(73)] ReadMemory at 0x171add86560 of 132 bytes failed: Запрос ReadProcessMemory или WriteProcessMemory был выполнен только частично. (0x12B)
[0916/182054.706:ERROR:process_memory_win.cc(73)] ReadMemory at 0x171add86690 of 132 bytes failed: Запрос ReadProcessMemory или WriteProcessMemory был выполнен только частично. (0x12B)
[0916/182054.706:ERROR:process_memory_win.cc(73)] ReadMemory at 0x171add867c0 of 132 bytes failed: Запрос ReadProcessMemory или WriteProcessMemory был выполнен только частично. (0x12B)
[0916/182054.706:ERROR:process_memory_win.cc(73)] ReadMemory at 0x171add868f0 of 132 bytes failed: Запрос ReadProcessMemory или WriteProcessMemory был выполнен только частично. (0x12B)
[0916/182054.706:ERROR:process_memory_win.cc(73)] ReadMemory at 0x171add86a20 of 132 bytes failed: Запрос ReadProcessMemory или WriteProcessMemory был выполнен только частично. (0x12B)
[0916/182054.707:ERROR:process_memory_win.cc(73)] ReadMemory at 0x171add86b50 of 132 bytes failed: Запрос ReadProcessMemory или WriteProcessMemory был выполнен только частично. (0x12B)
[0916/182054.707:ERROR:process_memory_win.cc(73)] ReadMemory at 0x171add86c80 of 132 bytes failed: Запрос ReadProcessMemory или WriteProcessMemory был выполнен только частично. (0x12B)
[0916/182054.707:ERROR:process_memory_win.cc(73)] ReadMemory at 0x171add86db0 of 132 bytes failed: Запрос ReadProcessMemory или WriteProcessMemory был выполнен только частично. (0x12B)
[0916/182054.707:ERROR:process_memory_win.cc(73)] ReadMemory at 0x171add86ee0 of 132 bytes failed: Запрос ReadProcessMemory или WriteProcessMemory был выполнен только частично. (0x12B)
[0916/182054.707:ERROR:process_memory_win.cc(73)] ReadMemory at 0x171add87010 of 132 bytes failed: Запрос ReadProcessMemory или WriteProcessMemory был выполнен только частично. (0x12B)
[0916/182054.707:ERROR:process_memory_win.cc(73)] ReadMemory at 0x171add87270 of 132 bytes failed: Запрос ReadProcessMemory или WriteProcessMemory был выполнен только частично. (0x12B)
[0916/182054.707:ERROR:process_memory_win.cc(73)] ReadMemory at 0x171add873a0 of 132 bytes failed: Запрос ReadProcessMemory или WriteProcessMemory был выполнен только частично. (0x12B)
[0916/182054.707:ERROR:process_memory_win.cc(73)] ReadMemory at 0x171add874d0 of 132 bytes failed: Запрос ReadProcessMemory или WriteProcessMemory был выполнен только частично. (0x12B)
[0916/182054.707:ERROR:process_memory_win.cc(73)] ReadMemory at 0x171add87860 of 132 bytes failed: Запрос ReadProcessMemory или WriteProcessMemory был выполнен только частично. (0x12B)
[0916/182054.708:ERROR:process_memory_win.cc(73)] ReadMemory at 0x171add87990 of 132 bytes failed: Запрос ReadProcessMemory или WriteProcessMemory был выполнен только частично. (0x12B)
[0916/182054.708:ERROR:process_memory_win.cc(73)] ReadMemory at 0x171add87ac0 of 132 bytes failed: Запрос ReadProcessMemory или WriteProcessMemory был выполнен только частично. (0x12B)
[0916/182054.708:ERROR:process_memory_win.cc(73)] ReadMemory at 0x171add87bf0 of 132 bytes failed: Запрос ReadProcessMemory или WriteProcessMemory был выполнен только частично. (0x12B)
[0916/182054.708:ERROR:process_memory_win.cc(73)] ReadMemory at 0x171add87d20 of 132 bytes failed: Запрос ReadProcessMemory или WriteProcessMemory был выполнен только частично. (0x12B)
[0916/182054.708:ERROR:process_memory_win.cc(73)] ReadMemory at 0x171add87e50 of 132 bytes failed: Запрос ReadProcessMemory или WriteProcessMemory был выполнен только частично. (0x12B)
[0916/182054.708:ERROR:process_memory_win.cc(73)] ReadMemory at 0x171add88f80 of 66 bytes failed: Запрос ReadProcessMemory или WriteProcessMemory был выполнен только частично. (0x12B)
[0916/182054.708:ERROR:process_memory_win.cc(73)] ReadMemory at 0x171add88fd0 of 64 bytes failed: Запрос ReadProcessMemory или WriteProcessMemory был выполнен только частично. (0x12B)
[0916/182054.708:ERROR:process_memory_win.cc(73)] ReadMemory at 0x171add89020 of 60 bytes failed: Запрос ReadProcessMemory или WriteProcessMemory был выполнен только частично. (0x12B)
[0916/182054.708:ERROR:process_memory_win.cc(73)] ReadMemory at 0x171add890c0 of 60 bytes failed: Запрос ReadProcessMemory или WriteProcessMemory был выполнен только частично. (0x12B)
[0916/182054.709:ERROR:process_memory_win.cc(73)] ReadMemory at 0x171add89250 of 66 bytes failed: Запрос ReadProcessMemory или WriteProcessMemory был выполнен только частично. (0x12B)
[0916/182054.709:ERROR:process_memory_win.cc(73)] ReadMemory at 0x171add892a0 of 60 bytes failed: Запрос ReadProcessMemory или WriteProcessMemory был выполнен только частично. (0x12B)
[0916/182054.709:ERROR:process_memory_win.cc(73)] ReadMemory at 0x171add892f0 of 64 bytes failed: Запрос ReadProcessMemory или WriteProcessMemory был выполнен только частично. (0x12B)
[0916/182054.709:ERROR:process_memory_win.cc(73)] ReadMemory at 0x171add89390 of 64 bytes failed: Запрос ReadProcessMemory или WriteProcessMemory был выполнен только частично. (0x12B)
[0916/182054.709:ERROR:process_memory_win.cc(73)] ReadMemory at 0x171add89430 of 64 bytes failed: Запрос ReadProcessMemory или WriteProcessMemory был выполнен только частично. (0x12B)
[0916/182054.709:ERROR:process_memory_win.cc(73)] ReadMemory at 0x171add89570 of 64 bytes failed: Запрос ReadProcessMemory или WriteProcessMemory был выполнен только частично. (0x12B)
[0916/182054.709:ERROR:process_memory_win.cc(73)] ReadMemory at 0x171add895c0 of 58 bytes failed: Запрос ReadProcessMemory или WriteProcessMemory был выполнен только частично. (0x12B)
[0916/182054.709:ERROR:process_memory_win.cc(73)] ReadMemory at 0x171add89610 of 60 bytes failed: Запрос ReadProcessMemory или WriteProcessMemory был выполнен только частично. (0x12B)
[0916/182054.710:ERROR:process_memory_win.cc(73)] ReadMemory at 0x171add89660 of 64 bytes failed: Запрос ReadProcessMemory или WriteProcessMemory был выполнен только частично. (0x12B)
[0916/182054.710:ERROR:process_memory_win.cc(73)] ReadMemory at 0x171add896b0 of 60 bytes failed: Запрос ReadProcessMemory или WriteProcessMemory был выполнен только частично. (0x12B)
[0916/182054.710:ERROR:process_memory_win.cc(73)] ReadMemory at 0x171add897f0 of 62 bytes failed: Запрос ReadProcessMemory или WriteProcessMemory был выполнен только частично. (0x12B)
[0916/182054.710:ERROR:process_memory_win.cc(73)] ReadMemory at 0x171add89840 of 62 bytes failed: Запрос ReadProcessMemory или WriteProcessMemory был выполнен только частично. (0x12B)
[0916/182054.710:ERROR:process_memory_win.cc(73)] ReadMemory at 0x171add89890 of 62 bytes failed: Запрос ReadProcessMemory или WriteProcessMemory был выполнен только частично. (0x12B)
[0916/182054.710:ERROR:process_memory_win.cc(73)] ReadMemory at 0x171add89980 of 66 bytes failed: Запрос ReadProcessMemory или WriteProcessMemory был выполнен только частично. (0x12B)
[0916/182054.710:ERROR:process_memory_win.cc(73)] ReadMemory at 0x171add89ac0 of 58 bytes failed: Запрос ReadProcessMemory или WriteProcessMemory был выполнен только частично. (0x12B)
[0916/182054.710:ERROR:process_memory_win.cc(73)] ReadMemory at 0x171add89b10 of 60 bytes failed: Запрос ReadProcessMemory или WriteProcessMemory был выполнен только частично. (0x12B)
[0916/182054.710:ERROR:process_memory_win.cc(73)] ReadMemory at 0x171add89b60 of 60 bytes failed: Запрос ReadProcessMemory или WriteProcessMemory был выполнен только частично. (0x12B)
[0916/182054.710:ERROR:process_memory_win.cc(73)] ReadMemory at 0x171add89bb0 of 62 bytes failed: Запрос ReadProcessMemory или WriteProcessMemory был выполнен только частично. (0x12B)
[0916/182054.711:ERROR:process_memory_win.cc(73)] ReadMemory at 0x171add89c00 of 62 bytes failed: Запрос ReadProcessMemory или WriteProcessMemory был выполнен только частично. (0x12B)
[0916/182054.711:ERROR:process_memory_win.cc(73)] ReadMemory at 0x171add89c50 of 64 bytes failed: Запрос ReadProcessMemory или WriteProcessMemory был выполнен только частично. (0x12B)
[0916/182054.711:ERROR:process_memory_win.cc(73)] ReadMemory at 0x171add89ca0 of 64 bytes failed: Запрос ReadProcessMemory или WriteProcessMemory был выполнен только частично. (0x12B)
[0916/182054.711:ERROR:process_memory_win.cc(73)] ReadMemory at 0x171add89cf0 of 62 bytes failed: Запрос ReadProcessMemory или WriteProcessMemory был выполнен только частично. (0x12B)
[0916/182054.711:ERROR:process_memory_win.cc(73)] ReadMemory at 0x171add89d40 of 62 bytes failed: Запрос ReadProcessMemory или WriteProcessMemory был выполнен только частично. (0x12B)
[0916/182054.711:ERROR:process_memory_win.cc(73)] ReadMemory at 0x171add89d90 of 62 bytes failed: Запрос ReadProcessMemory или WriteProcessMemory был выполнен только частично. (0x12B)
[0916/182054.711:ERROR:process_memory_win.cc(73)] ReadMemory at 0x171add89ef0 of 132 bytes failed: Запрос ReadProcessMemory или WriteProcessMemory был выполнен только частично. (0x12B)
[0916/182054.711:ERROR:process_memory_win.cc(73)] ReadMemory at 0x171add8a020 of 132 bytes failed: Запрос ReadProcessMemory или WriteProcessMemory был выполнен только частично. (0x12B)
[0916/182054.711:ERROR:process_memory_win.cc(73)] ReadMemory at 0x171add8a150 of 132 bytes failed: Запрос ReadProcessMemory или WriteProcessMemory был выполнен только частично. (0x12B)
[0916/182054.711:ERROR:process_memory_win.cc(73)] ReadMemory at 0x171add8a280 of 132 bytes failed: Запрос ReadProcessMemory или WriteProcessMemory был выполнен только частично. (0x12B)
[0916/182054.711:ERROR:process_memory_win.cc(73)] ReadMemory at 0x171add8a3b0 of 132 bytes failed: Запрос ReadProcessMemory или WriteProcessMemory был выполнен только частично. (0x12B)
[0916/182054.712:ERROR:process_memory_win.cc(73)] ReadMemory at 0x171add8a4e0 of 132 bytes failed: Запрос ReadProcessMemory или WriteProcessMemory был выполнен только частично. (0x12B)
[0916/182054.712:ERROR:process_memory_win.cc(73)] ReadMemory at 0x171add8b7d0 of 158 bytes failed: Запрос ReadProcessMemory или WriteProcessMemory был выполнен только частично. (0x12B)
[0916/182054.712:ERROR:process_memory_win.cc(73)] ReadMemory at 0x171add8c010 of 132 bytes failed: Запрос ReadProcessMemory или WriteProcessMemory был выполнен только частично. (0x12B)
[0916/182054.712:ERROR:process_memory_win.cc(73)] ReadMemory at 0x171add8e250 of 76 bytes failed: Запрос ReadProcessMemory или WriteProcessMemory был выполнен только частично. (0x12B)
[0916/182054.712:ERROR:process_memory_win.cc(73)] ReadMemory at 0x171add90160 of 54 bytes failed: Запрос ReadProcessMemory или WriteProcessMemory был выполнен только частично. (0x12B)
[0916/182054.712:ERROR:process_memory_win.cc(73)] ReadMemory at 0x171add90570 of 132 bytes failed: Запрос ReadProcessMemory или WriteProcessMemory был выполнен только частично. (0x12B)
[0916/182054.712:ERROR:process_memory_win.cc(73)] ReadMemory at 0x171add99ef0 of 58 bytes failed: Запрос ReadProcessMemory или WriteProcessMemory был выполнен только частично. (0x12B)
[0916/182054.712:ERROR:process_memory_win.cc(73)] ReadMemory at 0x171add99f40 of 58 bytes failed: Запрос ReadProcessMemory или WriteProcessMemory был выполнен только частично. (0x12B)
[0916/182054.712:ERROR:process_memory_win.cc(73)] ReadMemory at 0x171addadf80 of 512 bytes failed: Запрос ReadProcessMemory или WriteProcessMemory был выполнен только частично. (0x12B)
[0916/182054.712:ERROR:process_memory_win.cc(73)] ReadMemory at 0x171addaf000 of 512 bytes failed: Запрос ReadProcessMemory или WriteProcessMemory был выполнен только частично. (0x12B)
[0916/182054.713:ERROR:process_memory_win.cc(73)] ReadMemory at 0x171adfe16c0 of 704 bytes failed: Запрос ReadProcessMemory или WriteProcessMemory был выполнен только частично. (0x12B)
[0916/182054.713:ERROR:process_memory_win.cc(73)] ReadMemory at 0x171ae19c800 of 512 bytes failed: Запрос ReadProcessMemory или WriteProcessMemory был выполнен только частично. (0x12B)
[0916/182054.713:ERROR:process_memory_win.cc(73)] ReadMemory at 0x171ae1a8fb0 of 608 bytes failed: Запрос ReadProcessMemory или WriteProcessMemory был выполнен только частично. (0x12B)
[0916/182054.713:ERROR:process_memory_win.cc(73)] ReadMemory at 0x171ae1b2f70 of 512 bytes failed: Запрос ReadProcessMemory или WriteProcessMemory был выполнен только частично. (0x12B)
[0916/182054.713:ERROR:process_memory_win.cc(73)] ReadMemory at 0x171ae1b7c30 of 512 bytes failed: Запрос ReadProcessMemory или WriteProcessMemory был выполнен только частично. (0x12B)
[0916/182054.713:ERROR:process_memory_win.cc(73)] ReadMemory at 0x171ae1be081 of 512 bytes failed: Запрос ReadProcessMemory или WriteProcessMemory был выполнен только частично. (0x12B)
[0916/182054.713:ERROR:process_memory_win.cc(73)] ReadMemory at 0x171ae1d21a0 of 712 bytes failed: Запрос ReadProcessMemory или WriteProcessMemory был выполнен только частично. (0x12B)
[0916/182054.713:ERROR:process_memory_win.cc(73)] ReadMemory at 0x171ae1d4af0 of 512 bytes failed: Запрос ReadProcessMemory или WriteProcessMemory был выполнен только частично. (0x12B)
[0916/182054.713:ERROR:process_memory_win.cc(73)] ReadMemory at 0x171b0214650 of 512 bytes failed: Запрос ReadProcessMemory или WriteProcessMemory был выполнен только частично. (0x12B)
[0916/182054.713:ERROR:process_memory_win.cc(73)] ReadMemory at 0x171b024a058 of 944 bytes failed: Запрос ReadProcessMemory или WriteProcessMemory был выполнен только частично. (0x12B)
[0916/182054.713:ERROR:process_memory_win.cc(73)] ReadMemory at 0x171b024ab98 of 512 bytes failed: Запрос ReadProcessMemory или WriteProcessMemory был выполнен только частично. (0x12B)
[0916/182054.714:ERROR:process_memory_win.cc(73)] ReadMemory at 0x171b0252090 of 512 bytes failed: Запрос ReadProcessMemory или WriteProcessMemory был выполнен только частично. (0x12B)
[0916/182054.714:ERROR:process_memory_win.cc(73)] ReadMemory at 0x171b03238c0 of 512 bytes failed: Запрос ReadProcessMemory или WriteProcessMemory был выполнен только частично. (0x12B)
[0916/182054.714:ERROR:process_memory_win.cc(73)] ReadMemory at 0x171b03be510 of 512 bytes failed: Запрос ReadProcessMemory или WriteProcessMemory был выполнен только частично. (0x12B)
[0916/182054.714:ERROR:process_memory_win.cc(73)] ReadMemory at 0x2302f9017f98 of 512 bytes failed: Запрос ReadProcessMemory или WriteProcessMemory был выполнен только частично. (0x12B)
[0916/182054.714:ERROR:process_memory_win.cc(73)] ReadMemory at 0x2302f9054070 of 512 bytes failed: Запрос ReadProcessMemory или WriteProcessMemory был выполнен только частично. (0x12B)
[0916/182054.714:ERROR:process_memory_win.cc(73)] ReadMemory at 0x5cae9b2a4358 of 512 bytes failed: Запрос ReadProcessMemory или WriteProcessMemory был выполнен только частично. (0x12B)
[0916/182054.714:ERROR:process_memory_win.cc(73)] ReadMemory at 0x7ff820cc90a9 of 512 bytes failed: Запрос ReadProcessMemory или WriteProcessMemory был выполнен только частично. (0x12B)
[0916/182054.714:ERROR:process_memory_win.cc(73)] ReadMemory at 0x7ff8249d21f0 of 512 bytes failed: Запрос ReadProcessMemory или WriteProcessMemory был выполнен только частично. (0x12B)
[0916/182054.714:ERROR:process_memory_win.cc(73)] ReadMemory at 0x7ff824b4ff00 of 512 bytes failed: Запрос ReadProcessMemory или WriteProcessMemory был выполнен только частично. (0x12B)
[0916/182054.714:ERROR:process_memory_win.cc(73)] ReadMemory at 0x7ff824b9f764 of 672 bytes failed: Запрос ReadProcessMemory или WriteProcessMemory был выполнен только частично. (0x12B)
[0916/182054.714:ERROR:process_memory_win.cc(73)] ReadMemory at 0x7ff824b9fd64 of 512 bytes failed: Запрос ReadProcessMemory или WriteProcessMemory был выполнен только частично. (0x12B)
[0916/182054.715:ERROR:process_memory_win.cc(73)] ReadMemory at 0x7ff824ba2ff4 of 608 bytes failed: Запрос ReadProcessMemory или WriteProcessMemory был выполнен только частично. (0x12B)
[0916/182054.715:ERROR:process_memory_win.cc(73)] ReadMemory at 0x7ff824c2c0c8 of 18 bytes failed: Запрос ReadProcessMemory или WriteProcessMemory был выполнен только частично. (0x12B)
[0916/182054.715:ERROR:process_memory_win.cc(73)] ReadMemory at 0x7ff824c5f4f8 of 40 bytes failed: Запрос ReadProcessMemory или WriteProcessMemory был выполнен только частично. (0x12B)
[0916/182054.715:ERROR:process_memory_win.cc(73)] ReadMemory at 0x7ff824c5f978 of 48 bytes failed: Запрос ReadProcessMemory или WriteProcessMemory был выполнен только частично. (0x12B)
[0916/182054.715:ERROR:process_memory_win.cc(73)] ReadMemory at 0x7ff824c653c0 of 64 bytes failed: Запрос ReadProcessMemory или WriteProcessMemory был выполнен только частично. (0x12B)
[0916/182054.715:ERROR:process_memory_win.cc(73)] ReadMemory at 0x7fffd4f5afe8 of 512 bytes failed: Запрос ReadProcessMemory или WriteProcessMemory был выполнен только частично. (0x12B)
[0916/182054.715:ERROR:process_memory_win.cc(73)] ReadMemory at 0x7fffd6604a1c of 512 bytes failed: Запрос ReadProcessMemory или WriteProcessMemory был выполнен только частично. (0x12B)
[0916/182054.719:ERROR:scoped_process_suspend.cc(40)] NtResumeProcess: Попытка доступа к процессу, выполняющему процедуру завершения. (0xc000010a)
[0916/182345.116:ERROR:process_info.cc(359)] UncheckedAllocate
[0916/182701.405:ERROR:process_info.cc(359)] UncheckedAllocate
[0916/182702.792:ERROR:process_info.cc(359)] UncheckedAllocate
[0920/154347.911:ERROR:process_info.cc(359)] UncheckedAllocate
[0920/154842.313:ERROR:process_info.cc(359)] UncheckedAllocate
[0920/171445.701:ERROR:process_info.cc(359)] UncheckedAllocate
[0921/120534.391:ERROR:process_info.cc(359)] UncheckedAllocate
[0921/120550.517:ERROR:process_info.cc(359)] UncheckedAllocate
[0921/120558.161:ERROR:process_info.cc(359)] UncheckedAllocate
[0921/120605.558:ERROR:process_info.cc(359)] UncheckedAllocate
[0921/165612.537:ERROR:process_info.cc(359)] UncheckedAllocate
[0921/230506.727:ERROR:process_info.cc(359)] UncheckedAllocate
[0921/230507.335:ERROR:process_info.cc(359)] UncheckedAllocate
[0921/231354.382:ERROR:process_info.cc(359)] UncheckedAllocate
[0922/163702.706:ERROR:process_info.cc(359)] UncheckedAllocate
[0922/163833.510:ERROR:process_info.cc(359)] UncheckedAllocate
[0922/163841.186:ERROR:process_info.cc(359)] UncheckedAllocate
[0922/163841.978:ERROR:process_info.cc(359)] UncheckedAllocate
[0922/163842.264:ERROR:file_io.cc(134)] WriteFile: Недостаточно системных ресурсов для завершения операции. (0x5AA)
